Started GET "/" for ::1 at 2019-05-01 13:26:55 -0300
Processing by Rails::WelcomeController#index as HTML
  Rendering /home/lukastsunami/.rbenv/versions/2.5.1/lib/ruby/gems/2.5.0/gems/railties-5.2.3/lib/rails/templates/rails/welcome/index.html.erb
  Rendered /home/lukastsunami/.rbenv/versions/2.5.1/lib/ruby/gems/2.5.0/gems/railties-5.2.3/lib/rails/templates/rails/welcome/index.html.erb (4.1ms)
Completed 200 OK in 21ms (Views: 12.3ms | ActiveRecord: 0.0ms)


Started GET "/users" for ::1 at 2019-05-01 13:37:32 -0300
  [1m[35m (0.6ms)[0m  [1m[34mSELECT "schema_migrations"."version" FROM "schema_migrations" ORDER BY "schema_migrations"."version" ASC[0m
  ↳ /home/lukastsunami/.rbenv/versions/2.5.1/lib/ruby/gems/2.5.0/gems/activerecord-5.2.3/lib/active_record/log_subscriber.rb:98
  
ActionController::RoutingError (No route matches [GET] "/users"):
  
actionpack (5.2.3) lib/action_dispatch/middleware/debug_exceptions.rb:65:in `call'
web-console (3.7.0) lib/web_console/middleware.rb:135:in `call_app'
web-console (3.7.0) lib/web_console/middleware.rb:30:in `block in call'
web-console (3.7.0) lib/web_console/middleware.rb:20:in `catch'
web-console (3.7.0) lib/web_console/middleware.rb:20:in `call'
actionpack (5.2.3) lib/action_dispatch/middleware/show_exceptions.rb:33:in `call'
railties (5.2.3) lib/rails/rack/logger.rb:38:in `call_app'
railties (5.2.3) lib/rails/rack/logger.rb:26:in `block in call'
activesupport (5.2.3) lib/active_support/tagged_logging.rb:71:in `block in tagged'
activesupport (5.2.3) lib/active_support/tagged_logging.rb:28:in `tagged'
activesupport (5.2.3) lib/active_support/tagged_logging.rb:71:in `tagged'
railties (5.2.3) lib/rails/rack/logger.rb:26:in `call'
sprockets-rails (3.2.1) lib/sprockets/rails/quiet_assets.rb:13:in `call'
actionpack (5.2.3) lib/action_dispatch/middleware/remote_ip.rb:81:in `call'
actionpack (5.2.3) lib/action_dispatch/middleware/request_id.rb:27:in `call'
rack (2.0.7) lib/rack/method_override.rb:22:in `call'
rack (2.0.7) lib/rack/runtime.rb:22:in `call'
activesupport (5.2.3) lib/active_support/cache/strategy/local_cache_middleware.rb:29:in `call'
actionpack (5.2.3) lib/action_dispatch/middleware/executor.rb:14:in `call'
actionpack (5.2.3) lib/action_dispatch/middleware/static.rb:127:in `call'
rack (2.0.7) lib/rack/sendfile.rb:111:in `call'
railties (5.2.3) lib/rails/engine.rb:524:in `call'
puma (3.12.1) lib/puma/configuration.rb:227:in `call'
puma (3.12.1) lib/puma/server.rb:660:in `handle_request'
puma (3.12.1) lib/puma/server.rb:474:in `process_client'
puma (3.12.1) lib/puma/server.rb:334:in `block in run'
puma (3.12.1) lib/puma/thread_pool.rb:135:in `block in spawn_thread'
Started GET "/users/sign_in" for ::1 at 2019-05-01 13:37:42 -0300
Processing by Devise::SessionsController#new as HTML
  Rendering devise/sessions/new.html.erb within layouts/application
  Rendered devise/shared/_links.html.erb (3.3ms)
  Rendered devise/sessions/new.html.erb within layouts/application (35.2ms)
Completed 200 OK in 392ms (Views: 364.0ms | ActiveRecord: 6.4ms)


Started GET "/users/sign_up" for ::1 at 2019-05-01 13:38:00 -0300
Processing by Devise::RegistrationsController#new as HTML
  Rendering devise/registrations/new.html.erb within layouts/application
  Rendered devise/shared/_error_messages.html.erb (0.6ms)
  Rendered devise/shared/_links.html.erb (1.0ms)
  Rendered devise/registrations/new.html.erb within layouts/application (5.8ms)
Completed 200 OK in 31ms (Views: 29.7ms | ActiveRecord: 0.0ms)


Started GET "/users/sign_up" for ::1 at 2019-05-01 13:39:49 -0300
Processing by Devise::RegistrationsController#new as HTML
  Rendering devise/registrations/new.html.erb within layouts/application
  Rendered devise/shared/_error_messages.html.erb (1.0ms)
  Rendered devise/shared/_links.html.erb (0.8ms)
  Rendered devise/registrations/new.html.erb within layouts/application (24.5ms)
Completed 200 OK in 51ms (Views: 48.4ms | ActiveRecord: 0.0ms)


Started POST "/users" for ::1 at 2019-05-01 13:40:13 -0300
Processing by Devise::RegistrationsController#create as HTML
  Parameters: {"utf8"=>"✓", "authenticity_token"=>"326kPQKg/vY5enbxlOoYXj7Z8SS7VYP8QCYdvPMxwijzd1ECdNIFnTOGgBrP6JodcJmLNy9fhmqLktZ9D4QK5g==", "user"=>{"email"=>"herc@gmail", "nome"=>"felipe", "dataNascimento"=>"2019-05-01", "password"=>"[FILTERED]", "password_confirmation"=>"[FILTERED]"}, "commit"=>"Sign up"}
Unpermitted parameters: :nome, :dataNascimento
  [1m[35m (0.2ms)[0m  [1m[35mBEGIN[0m
  ↳ /home/lukastsunami/.rbenv/versions/2.5.1/lib/ruby/gems/2.5.0/gems/activerecord-5.2.3/lib/active_record/log_subscriber.rb:98
  [1m[36mUser Exists (0.8ms)[0m  [1m[34mSELECT  1 AS one FROM "users" WHERE "users"."email" = $1 LIMIT $2[0m  [["email", "herc@gmail"], ["LIMIT", 1]]
  ↳ /home/lukastsunami/.rbenv/versions/2.5.1/lib/ruby/gems/2.5.0/gems/activerecord-5.2.3/lib/active_record/log_subscriber.rb:98
  [1m[36mUser Create (1.1ms)[0m  [1m[32mINSERT INTO "users" ("email", "encrypted_password", "created_at", "updated_at") VALUES ($1, $2, $3, $4) RETURNING "id"[0m  [["email", "herc@gmail"], ["encrypted_password", "$2a$11$E2Kd2T2pMiWruIFDyP4WZu4FXffEhg0YHACSf8WLGaURVjD0SjwHq"], ["created_at", "2019-05-01 16:40:14.002389"], ["updated_at", "2019-05-01 16:40:14.002389"]]
  ↳ /home/lukastsunami/.rbenv/versions/2.5.1/lib/ruby/gems/2.5.0/gems/activerecord-5.2.3/lib/active_record/log_subscriber.rb:98
  [1m[35m (0.2ms)[0m  [1m[31mROLLBACK[0m
  ↳ /home/lukastsunami/.rbenv/versions/2.5.1/lib/ruby/gems/2.5.0/gems/activerecord-5.2.3/lib/active_record/log_subscriber.rb:98
Completed 500 Internal Server Error in 184ms (ActiveRecord: 2.3ms)


  
ActiveRecord::NotNullViolation (PG::NotNullViolation: ERROR:  null value in column "dataNascimento" violates not-null constraint
DETAIL:  Failing row contains (1, herc@gmail, $2a$11$E2Kd2T2pMiWruIFDyP4WZu4FXffEhg0YHACSf8WLGaURVjD0SjwHq, null, null, null, , null, 2019-05-01 16:40:14.002389, 2019-05-01 16:40:14.002389).
: INSERT INTO "users" ("email", "encrypted_password", "created_at", "updated_at") VALUES ($1, $2, $3, $4) RETURNING "id"):
  
activerecord (5.2.3) lib/active_record/connection_adapters/postgresql_adapter.rb:611:in `async_exec_params'
activerecord (5.2.3) lib/active_record/connection_adapters/postgresql_adapter.rb:611:in `block (2 levels) in exec_no_cache'
activesupport (5.2.3) lib/active_support/dependencies/interlock.rb:48:in `block in permit_concurrent_loads'
activesupport (5.2.3) lib/active_support/concurrency/share_lock.rb:187:in `yield_shares'
activesupport (5.2.3) lib/active_support/dependencies/interlock.rb:47:in `permit_concurrent_loads'
activerecord (5.2.3) lib/active_record/connection_adapters/postgresql_adapter.rb:610:in `block in exec_no_cache'
activerecord (5.2.3) lib/active_record/connection_adapters/abstract_adapter.rb:581:in `block (2 levels) in log'
/home/lukastsunami/.rbenv/versions/2.5.1/lib/ruby/2.5.0/monitor.rb:226:in `mon_synchronize'
activerecord (5.2.3) lib/active_record/connection_adapters/abstract_adapter.rb:580:in `block in log'
activesupport (5.2.3) lib/active_support/notifications/instrumenter.rb:23:in `instrument'
activerecord (5.2.3) lib/active_record/connection_adapters/abstract_adapter.rb:571:in `log'
activerecord (5.2.3) lib/active_record/connection_adapters/postgresql_adapter.rb:609:in `exec_no_cache'
activerecord (5.2.3) lib/active_record/connection_adapters/postgresql_adapter.rb:598:in `execute_and_clear'
activerecord (5.2.3) lib/active_record/connection_adapters/postgresql/database_statements.rb:81:in `exec_query'
activerecord (5.2.3) lib/active_record/connection_adapters/abstract/database_statements.rb:130:in `exec_insert'
activerecord (5.2.3) lib/active_record/connection_adapters/postgresql/database_statements.rb:115:in `exec_insert'
activerecord (5.2.3) lib/active_record/connection_adapters/abstract/database_statements.rb:162:in `insert'
activerecord (5.2.3) lib/active_record/connection_adapters/abstract/query_cache.rb:21:in `insert'
activerecord (5.2.3) lib/active_record/persistence.rb:187:in `_insert_record'
activerecord (5.2.3) lib/active_record/persistence.rb:734:in `_create_record'
activerecord (5.2.3) lib/active_record/counter_cache.rb:184:in `_create_record'
activerecord (5.2.3) lib/active_record/locking/optimistic.rb:70:in `_create_record'
activerecord (5.2.3) lib/active_record/attribute_methods/dirty.rb:140:in `_create_record'
activerecord (5.2.3) lib/active_record/callbacks.rb:346:in `block in _create_record'
activesupport (5.2.3) lib/active_support/callbacks.rb:98:in `run_callbacks'
activesupport (5.2.3) lib/active_support/callbacks.rb:816:in `_run_create_callbacks'
activerecord (5.2.3) lib/active_record/callbacks.rb:346:in `_create_record'
activerecord (5.2.3) lib/active_record/timestamp.rb:102:in `_create_record'
activerecord (5.2.3) lib/active_record/persistence.rb:705:in `create_or_update'
activerecord (5.2.3) lib/active_record/callbacks.rb:342:in `block in create_or_update'
activesupport (5.2.3) lib/active_support/callbacks.rb:98:in `run_callbacks'
activesupport (5.2.3) lib/active_support/callbacks.rb:816:in `_run_save_callbacks'
activerecord (5.2.3) lib/active_record/callbacks.rb:342:in `create_or_update'
activerecord (5.2.3) lib/active_record/persistence.rb:275:in `save'
activerecord (5.2.3) lib/active_record/validations.rb:46:in `save'
activerecord (5.2.3) lib/active_record/transactions.rb:310:in `block (2 levels) in save'
activerecord (5.2.3) lib/active_record/transactions.rb:387:in `block in with_transaction_returning_status'
activerecord (5.2.3) lib/active_record/connection_adapters/abstract/database_statements.rb:267:in `block in transaction'
activerecord (5.2.3) lib/active_record/connection_adapters/abstract/transaction.rb:239:in `block in within_new_transaction'
/home/lukastsunami/.rbenv/versions/2.5.1/lib/ruby/2.5.0/monitor.rb:226:in `mon_synchronize'
activerecord (5.2.3) lib/active_record/connection_adapters/abstract/transaction.rb:236:in `within_new_transaction'
activerecord (5.2.3) lib/active_record/connection_adapters/abstract/database_statements.rb:267:in `transaction'
activerecord (5.2.3) lib/active_record/transactions.rb:212:in `transaction'
activerecord (5.2.3) lib/active_record/transactions.rb:385:in `with_transaction_returning_status'
activerecord (5.2.3) lib/active_record/transactions.rb:310:in `block in save'
activerecord (5.2.3) lib/active_record/transactions.rb:325:in `rollback_active_record_state!'
activerecord (5.2.3) lib/active_record/transactions.rb:309:in `save'
activerecord (5.2.3) lib/active_record/suppressor.rb:44:in `save'
devise (4.6.2) app/controllers/devise/registrations_controller.rb:19:in `create'
actionpack (5.2.3) lib/action_controller/metal/basic_implicit_render.rb:6:in `send_action'
actionpack (5.2.3) lib/abstract_controller/base.rb:194:in `process_action'
actionpack (5.2.3) lib/action_controller/metal/rendering.rb:30:in `process_action'
actionpack (5.2.3) lib/abstract_controller/callbacks.rb:42:in `block in process_action'
activesupport (5.2.3) lib/active_support/callbacks.rb:132:in `run_callbacks'
actionpack (5.2.3) lib/abstract_controller/callbacks.rb:41:in `process_action'
actionpack (5.2.3) lib/action_controller/metal/rescue.rb:22:in `process_action'
actionpack (5.2.3) lib/action_controller/metal/instrumentation.rb:34:in `block in process_action'
activesupport (5.2.3) lib/active_support/notifications.rb:168:in `block in instrument'
activesupport (5.2.3) lib/active_support/notifications/instrumenter.rb:23:in `instrument'
activesupport (5.2.3) lib/active_support/notifications.rb:168:in `instrument'
actionpack (5.2.3) lib/action_controller/metal/instrumentation.rb:32:in `process_action'
actionpack (5.2.3) lib/action_controller/metal/params_wrapper.rb:256:in `process_action'
activerecord (5.2.3) lib/active_record/railties/controller_runtime.rb:24:in `process_action'
actionpack (5.2.3) lib/abstract_controller/base.rb:134:in `process'
actionview (5.2.3) lib/action_view/rendering.rb:32:in `process'
actionpack (5.2.3) lib/action_controller/metal.rb:191:in `dispatch'
actionpack (5.2.3) lib/action_controller/metal.rb:252:in `dispatch'
actionpack (5.2.3) lib/action_dispatch/routing/route_set.rb:52:in `dispatch'
actionpack (5.2.3) lib/action_dispatch/routing/route_set.rb:34:in `serve'
actionpack (5.2.3) lib/action_dispatch/routing/mapper.rb:18:in `block in <class:Constraints>'
actionpack (5.2.3) lib/action_dispatch/routing/mapper.rb:48:in `serve'
actionpack (5.2.3) lib/action_dispatch/journey/router.rb:52:in `block in serve'
actionpack (5.2.3) lib/action_dispatch/journey/router.rb:35:in `each'
actionpack (5.2.3) lib/action_dispatch/journey/router.rb:35:in `serve'
actionpack (5.2.3) lib/action_dispatch/routing/route_set.rb:840:in `call'
warden (1.2.8) lib/warden/manager.rb:36:in `block in call'
warden (1.2.8) lib/warden/manager.rb:34:in `catch'
warden (1.2.8) lib/warden/manager.rb:34:in `call'
rack (2.0.7) lib/rack/tempfile_reaper.rb:15:in `call'
rack (2.0.7) lib/rack/etag.rb:25:in `call'
rack (2.0.7) lib/rack/conditional_get.rb:38:in `call'
rack (2.0.7) lib/rack/head.rb:12:in `call'
actionpack (5.2.3) lib/action_dispatch/http/content_security_policy.rb:18:in `call'
rack (2.0.7) lib/rack/session/abstract/id.rb:232:in `context'
rack (2.0.7) lib/rack/session/abstract/id.rb:226:in `call'
actionpack (5.2.3) lib/action_dispatch/middleware/cookies.rb:670:in `call'
activerecord (5.2.3) lib/active_record/migration.rb:559:in `call'
actionpack (5.2.3) lib/action_dispatch/middleware/callbacks.rb:28:in `block in call'
activesupport (5.2.3) lib/active_support/callbacks.rb:98:in `run_callbacks'
actionpack (5.2.3) lib/action_dispatch/middleware/callbacks.rb:26:in `call'
actionpack (5.2.3) lib/action_dispatch/middleware/executor.rb:14:in `call'
actionpack (5.2.3) lib/action_dispatch/middleware/debug_exceptions.rb:61:in `call'
web-console (3.7.0) lib/web_console/middleware.rb:135:in `call_app'
web-console (3.7.0) lib/web_console/middleware.rb:30:in `block in call'
web-console (3.7.0) lib/web_console/middleware.rb:20:in `catch'
web-console (3.7.0) lib/web_console/middleware.rb:20:in `call'
actionpack (5.2.3) lib/action_dispatch/middleware/show_exceptions.rb:33:in `call'
railties (5.2.3) lib/rails/rack/logger.rb:38:in `call_app'
railties (5.2.3) lib/rails/rack/logger.rb:26:in `block in call'
activesupport (5.2.3) lib/active_support/tagged_logging.rb:71:in `block in tagged'
activesupport (5.2.3) lib/active_support/tagged_logging.rb:28:in `tagged'
activesupport (5.2.3) lib/active_support/tagged_logging.rb:71:in `tagged'
railties (5.2.3) lib/rails/rack/logger.rb:26:in `call'
sprockets-rails (3.2.1) lib/sprockets/rails/quiet_assets.rb:13:in `call'
actionpack (5.2.3) lib/action_dispatch/middleware/remote_ip.rb:81:in `call'
actionpack (5.2.3) lib/action_dispatch/middleware/request_id.rb:27:in `call'
rack (2.0.7) lib/rack/method_override.rb:22:in `call'
rack (2.0.7) lib/rack/runtime.rb:22:in `call'
activesupport (5.2.3) lib/active_support/cache/strategy/local_cache_middleware.rb:29:in `call'
actionpack (5.2.3) lib/action_dispatch/middleware/executor.rb:14:in `call'
actionpack (5.2.3) lib/action_dispatch/middleware/static.rb:127:in `call'
rack (2.0.7) lib/rack/sendfile.rb:111:in `call'
railties (5.2.3) lib/rails/engine.rb:524:in `call'
puma (3.12.1) lib/puma/configuration.rb:227:in `call'
puma (3.12.1) lib/puma/server.rb:660:in `handle_request'
puma (3.12.1) lib/puma/server.rb:474:in `process_client'
puma (3.12.1) lib/puma/server.rb:334:in `block in run'
puma (3.12.1) lib/puma/thread_pool.rb:135:in `block in spawn_thread'
Started GET "/users/sign_up" for ::1 at 2019-05-01 13:41:47 -0300
Processing by Devise::RegistrationsController#new as HTML
  Rendering devise/registrations/new.html.erb within layouts/application
  Rendered devise/shared/_error_messages.html.erb (0.6ms)
  Rendered devise/shared/_links.html.erb (1.8ms)
  Rendered devise/registrations/new.html.erb within layouts/application (25.6ms)
Completed 200 OK in 49ms (Views: 48.3ms | ActiveRecord: 0.0ms)


Started POST "/users" for ::1 at 2019-05-01 13:42:03 -0300
Processing by Devise::RegistrationsController#create as HTML
  Parameters: {"utf8"=>"✓", "authenticity_token"=>"stDJna/IxtDnKpUg7EeCH69HXaz3YloTb5mjzznKVB+eyTyi2bo9u+3WY8u3RQBc4Qcnv2NoX4WkLWgOxX+c0Q==", "user"=>{"email"=>"herc@gmail", "nome"=>"felipe", "dataNascimento"=>"2019-05-01T01:01", "password"=>"[FILTERED]", "password_confirmation"=>"[FILTERED]"}, "commit"=>"Sign up"}
Unpermitted parameters: :nome, :dataNascimento
  [1m[35m (0.4ms)[0m  [1m[35mBEGIN[0m
  ↳ /home/lukastsunami/.rbenv/versions/2.5.1/lib/ruby/gems/2.5.0/gems/activerecord-5.2.3/lib/active_record/log_subscriber.rb:98
  [1m[36mUser Exists (0.9ms)[0m  [1m[34mSELECT  1 AS one FROM "users" WHERE "users"."email" = $1 LIMIT $2[0m  [["email", "herc@gmail"], ["LIMIT", 1]]
  ↳ /home/lukastsunami/.rbenv/versions/2.5.1/lib/ruby/gems/2.5.0/gems/activerecord-5.2.3/lib/active_record/log_subscriber.rb:98
  [1m[36mUser Create (1.1ms)[0m  [1m[32mINSERT INTO "users" ("email", "encrypted_password", "created_at", "updated_at") VALUES ($1, $2, $3, $4) RETURNING "id"[0m  [["email", "herc@gmail"], ["encrypted_password", "$2a$11$f2OPV.L8dMyrwzN0rMYg1u0IXMZ7ZIhIE5OJjLPGKZ9A7hsfad4n6"], ["created_at", "2019-05-01 16:42:04.161438"], ["updated_at", "2019-05-01 16:42:04.161438"]]
  ↳ /home/lukastsunami/.rbenv/versions/2.5.1/lib/ruby/gems/2.5.0/gems/activerecord-5.2.3/lib/active_record/log_subscriber.rb:98
  [1m[35m (0.3ms)[0m  [1m[31mROLLBACK[0m
  ↳ /home/lukastsunami/.rbenv/versions/2.5.1/lib/ruby/gems/2.5.0/gems/activerecord-5.2.3/lib/active_record/log_subscriber.rb:98
Completed 500 Internal Server Error in 185ms (ActiveRecord: 2.8ms)


  
ActiveRecord::NotNullViolation (PG::NotNullViolation: ERROR:  null value in column "dataNascimento" violates not-null constraint
DETAIL:  Failing row contains (2, herc@gmail, $2a$11$f2OPV.L8dMyrwzN0rMYg1u0IXMZ7ZIhIE5OJjLPGKZ9A7hsfad4n6, null, null, null, , null, 2019-05-01 16:42:04.161438, 2019-05-01 16:42:04.161438).
: INSERT INTO "users" ("email", "encrypted_password", "created_at", "updated_at") VALUES ($1, $2, $3, $4) RETURNING "id"):
  
activerecord (5.2.3) lib/active_record/connection_adapters/postgresql_adapter.rb:611:in `async_exec_params'
activerecord (5.2.3) lib/active_record/connection_adapters/postgresql_adapter.rb:611:in `block (2 levels) in exec_no_cache'
activesupport (5.2.3) lib/active_support/dependencies/interlock.rb:48:in `block in permit_concurrent_loads'
activesupport (5.2.3) lib/active_support/concurrency/share_lock.rb:187:in `yield_shares'
activesupport (5.2.3) lib/active_support/dependencies/interlock.rb:47:in `permit_concurrent_loads'
activerecord (5.2.3) lib/active_record/connection_adapters/postgresql_adapter.rb:610:in `block in exec_no_cache'
activerecord (5.2.3) lib/active_record/connection_adapters/abstract_adapter.rb:581:in `block (2 levels) in log'
/home/lukastsunami/.rbenv/versions/2.5.1/lib/ruby/2.5.0/monitor.rb:226:in `mon_synchronize'
activerecord (5.2.3) lib/active_record/connection_adapters/abstract_adapter.rb:580:in `block in log'
activesupport (5.2.3) lib/active_support/notifications/instrumenter.rb:23:in `instrument'
activerecord (5.2.3) lib/active_record/connection_adapters/abstract_adapter.rb:571:in `log'
activerecord (5.2.3) lib/active_record/connection_adapters/postgresql_adapter.rb:609:in `exec_no_cache'
activerecord (5.2.3) lib/active_record/connection_adapters/postgresql_adapter.rb:598:in `execute_and_clear'
activerecord (5.2.3) lib/active_record/connection_adapters/postgresql/database_statements.rb:81:in `exec_query'
activerecord (5.2.3) lib/active_record/connection_adapters/abstract/database_statements.rb:130:in `exec_insert'
activerecord (5.2.3) lib/active_record/connection_adapters/postgresql/database_statements.rb:115:in `exec_insert'
activerecord (5.2.3) lib/active_record/connection_adapters/abstract/database_statements.rb:162:in `insert'
activerecord (5.2.3) lib/active_record/connection_adapters/abstract/query_cache.rb:21:in `insert'
activerecord (5.2.3) lib/active_record/persistence.rb:187:in `_insert_record'
activerecord (5.2.3) lib/active_record/persistence.rb:734:in `_create_record'
activerecord (5.2.3) lib/active_record/counter_cache.rb:184:in `_create_record'
activerecord (5.2.3) lib/active_record/locking/optimistic.rb:70:in `_create_record'
activerecord (5.2.3) lib/active_record/attribute_methods/dirty.rb:140:in `_create_record'
activerecord (5.2.3) lib/active_record/callbacks.rb:346:in `block in _create_record'
activesupport (5.2.3) lib/active_support/callbacks.rb:98:in `run_callbacks'
activesupport (5.2.3) lib/active_support/callbacks.rb:816:in `_run_create_callbacks'
activerecord (5.2.3) lib/active_record/callbacks.rb:346:in `_create_record'
activerecord (5.2.3) lib/active_record/timestamp.rb:102:in `_create_record'
activerecord (5.2.3) lib/active_record/persistence.rb:705:in `create_or_update'
activerecord (5.2.3) lib/active_record/callbacks.rb:342:in `block in create_or_update'
activesupport (5.2.3) lib/active_support/callbacks.rb:98:in `run_callbacks'
activesupport (5.2.3) lib/active_support/callbacks.rb:816:in `_run_save_callbacks'
activerecord (5.2.3) lib/active_record/callbacks.rb:342:in `create_or_update'
activerecord (5.2.3) lib/active_record/persistence.rb:275:in `save'
activerecord (5.2.3) lib/active_record/validations.rb:46:in `save'
activerecord (5.2.3) lib/active_record/transactions.rb:310:in `block (2 levels) in save'
activerecord (5.2.3) lib/active_record/transactions.rb:387:in `block in with_transaction_returning_status'
activerecord (5.2.3) lib/active_record/connection_adapters/abstract/database_statements.rb:267:in `block in transaction'
activerecord (5.2.3) lib/active_record/connection_adapters/abstract/transaction.rb:239:in `block in within_new_transaction'
/home/lukastsunami/.rbenv/versions/2.5.1/lib/ruby/2.5.0/monitor.rb:226:in `mon_synchronize'
activerecord (5.2.3) lib/active_record/connection_adapters/abstract/transaction.rb:236:in `within_new_transaction'
activerecord (5.2.3) lib/active_record/connection_adapters/abstract/database_statements.rb:267:in `transaction'
activerecord (5.2.3) lib/active_record/transactions.rb:212:in `transaction'
activerecord (5.2.3) lib/active_record/transactions.rb:385:in `with_transaction_returning_status'
activerecord (5.2.3) lib/active_record/transactions.rb:310:in `block in save'
activerecord (5.2.3) lib/active_record/transactions.rb:325:in `rollback_active_record_state!'
activerecord (5.2.3) lib/active_record/transactions.rb:309:in `save'
activerecord (5.2.3) lib/active_record/suppressor.rb:44:in `save'
devise (4.6.2) app/controllers/devise/registrations_controller.rb:19:in `create'
actionpack (5.2.3) lib/action_controller/metal/basic_implicit_render.rb:6:in `send_action'
actionpack (5.2.3) lib/abstract_controller/base.rb:194:in `process_action'
actionpack (5.2.3) lib/action_controller/metal/rendering.rb:30:in `process_action'
actionpack (5.2.3) lib/abstract_controller/callbacks.rb:42:in `block in process_action'
activesupport (5.2.3) lib/active_support/callbacks.rb:132:in `run_callbacks'
actionpack (5.2.3) lib/abstract_controller/callbacks.rb:41:in `process_action'
actionpack (5.2.3) lib/action_controller/metal/rescue.rb:22:in `process_action'
actionpack (5.2.3) lib/action_controller/metal/instrumentation.rb:34:in `block in process_action'
activesupport (5.2.3) lib/active_support/notifications.rb:168:in `block in instrument'
activesupport (5.2.3) lib/active_support/notifications/instrumenter.rb:23:in `instrument'
activesupport (5.2.3) lib/active_support/notifications.rb:168:in `instrument'
actionpack (5.2.3) lib/action_controller/metal/instrumentation.rb:32:in `process_action'
actionpack (5.2.3) lib/action_controller/metal/params_wrapper.rb:256:in `process_action'
activerecord (5.2.3) lib/active_record/railties/controller_runtime.rb:24:in `process_action'
actionpack (5.2.3) lib/abstract_controller/base.rb:134:in `process'
actionview (5.2.3) lib/action_view/rendering.rb:32:in `process'
actionpack (5.2.3) lib/action_controller/metal.rb:191:in `dispatch'
actionpack (5.2.3) lib/action_controller/metal.rb:252:in `dispatch'
actionpack (5.2.3) lib/action_dispatch/routing/route_set.rb:52:in `dispatch'
actionpack (5.2.3) lib/action_dispatch/routing/route_set.rb:34:in `serve'
actionpack (5.2.3) lib/action_dispatch/routing/mapper.rb:18:in `block in <class:Constraints>'
actionpack (5.2.3) lib/action_dispatch/routing/mapper.rb:48:in `serve'
actionpack (5.2.3) lib/action_dispatch/journey/router.rb:52:in `block in serve'
actionpack (5.2.3) lib/action_dispatch/journey/router.rb:35:in `each'
actionpack (5.2.3) lib/action_dispatch/journey/router.rb:35:in `serve'
actionpack (5.2.3) lib/action_dispatch/routing/route_set.rb:840:in `call'
warden (1.2.8) lib/warden/manager.rb:36:in `block in call'
warden (1.2.8) lib/warden/manager.rb:34:in `catch'
warden (1.2.8) lib/warden/manager.rb:34:in `call'
rack (2.0.7) lib/rack/tempfile_reaper.rb:15:in `call'
rack (2.0.7) lib/rack/etag.rb:25:in `call'
rack (2.0.7) lib/rack/conditional_get.rb:38:in `call'
rack (2.0.7) lib/rack/head.rb:12:in `call'
actionpack (5.2.3) lib/action_dispatch/http/content_security_policy.rb:18:in `call'
rack (2.0.7) lib/rack/session/abstract/id.rb:232:in `context'
rack (2.0.7) lib/rack/session/abstract/id.rb:226:in `call'
actionpack (5.2.3) lib/action_dispatch/middleware/cookies.rb:670:in `call'
activerecord (5.2.3) lib/active_record/migration.rb:559:in `call'
actionpack (5.2.3) lib/action_dispatch/middleware/callbacks.rb:28:in `block in call'
activesupport (5.2.3) lib/active_support/callbacks.rb:98:in `run_callbacks'
actionpack (5.2.3) lib/action_dispatch/middleware/callbacks.rb:26:in `call'
actionpack (5.2.3) lib/action_dispatch/middleware/executor.rb:14:in `call'
actionpack (5.2.3) lib/action_dispatch/middleware/debug_exceptions.rb:61:in `call'
web-console (3.7.0) lib/web_console/middleware.rb:135:in `call_app'
web-console (3.7.0) lib/web_console/middleware.rb:30:in `block in call'
web-console (3.7.0) lib/web_console/middleware.rb:20:in `catch'
web-console (3.7.0) lib/web_console/middleware.rb:20:in `call'
actionpack (5.2.3) lib/action_dispatch/middleware/show_exceptions.rb:33:in `call'
railties (5.2.3) lib/rails/rack/logger.rb:38:in `call_app'
railties (5.2.3) lib/rails/rack/logger.rb:26:in `block in call'
activesupport (5.2.3) lib/active_support/tagged_logging.rb:71:in `block in tagged'
activesupport (5.2.3) lib/active_support/tagged_logging.rb:28:in `tagged'
activesupport (5.2.3) lib/active_support/tagged_logging.rb:71:in `tagged'
railties (5.2.3) lib/rails/rack/logger.rb:26:in `call'
sprockets-rails (3.2.1) lib/sprockets/rails/quiet_assets.rb:13:in `call'
actionpack (5.2.3) lib/action_dispatch/middleware/remote_ip.rb:81:in `call'
actionpack (5.2.3) lib/action_dispatch/middleware/request_id.rb:27:in `call'
rack (2.0.7) lib/rack/method_override.rb:22:in `call'
rack (2.0.7) lib/rack/runtime.rb:22:in `call'
activesupport (5.2.3) lib/active_support/cache/strategy/local_cache_middleware.rb:29:in `call'
actionpack (5.2.3) lib/action_dispatch/middleware/executor.rb:14:in `call'
actionpack (5.2.3) lib/action_dispatch/middleware/static.rb:127:in `call'
rack (2.0.7) lib/rack/sendfile.rb:111:in `call'
railties (5.2.3) lib/rails/engine.rb:524:in `call'
puma (3.12.1) lib/puma/configuration.rb:227:in `call'
puma (3.12.1) lib/puma/server.rb:660:in `handle_request'
puma (3.12.1) lib/puma/server.rb:474:in `process_client'
puma (3.12.1) lib/puma/server.rb:334:in `block in run'
puma (3.12.1) lib/puma/thread_pool.rb:135:in `block in spawn_thread'
Started GET "/users/sign_up" for ::1 at 2019-05-01 13:45:02 -0300
Processing by Devise::RegistrationsController#new as HTML
  Rendering devise/registrations/new.html.erb within layouts/application
  Rendered devise/shared/_error_messages.html.erb (2.0ms)
  Rendered devise/shared/_links.html.erb (1.0ms)
  Rendered devise/registrations/new.html.erb within layouts/application (27.6ms)
Completed 200 OK in 50ms (Views: 48.9ms | ActiveRecord: 0.0ms)


Started POST "/users" for ::1 at 2019-05-01 13:45:14 -0300
Processing by Devise::RegistrationsController#create as HTML
  Parameters: {"utf8"=>"✓", "authenticity_token"=>"THDdd+BkwNfXGpehWCX6DNXtY4pBk8c44wF8g5cRiGxgaShIlhY7vN3mYUoDJ3hPm60ZmdWZwq4otbdCa6RAog==", "user"=>{"email"=>"herc@gmail", "nome"=>"felipe", "dataNascimento(1i)"=>"2015", "dataNascimento(2i)"=>"5", "dataNascimento(3i)"=>"1", "password"=>"[FILTERED]", "password_confirmation"=>"[FILTERED]"}, "commit"=>"Sign up"}
Unpermitted parameters: :nome, :dataNascimento(1i), :dataNascimento(2i), :dataNascimento(3i)
  [1m[35m (0.3ms)[0m  [1m[35mBEGIN[0m
  ↳ /home/lukastsunami/.rbenv/versions/2.5.1/lib/ruby/gems/2.5.0/gems/activerecord-5.2.3/lib/active_record/log_subscriber.rb:98
  [1m[36mUser Exists (0.4ms)[0m  [1m[34mSELECT  1 AS one FROM "users" WHERE "users"."email" = $1 LIMIT $2[0m  [["email", "herc@gmail"], ["LIMIT", 1]]
  ↳ /home/lukastsunami/.rbenv/versions/2.5.1/lib/ruby/gems/2.5.0/gems/activerecord-5.2.3/lib/active_record/log_subscriber.rb:98
  [1m[36mUser Create (0.9ms)[0m  [1m[32mINSERT INTO "users" ("email", "encrypted_password", "created_at", "updated_at") VALUES ($1, $2, $3, $4) RETURNING "id"[0m  [["email", "herc@gmail"], ["encrypted_password", "$2a$11$nxhmt288xgbz0rKugwT01OPTqL3OGa0iViH7ZbIOOvFGFyU2AVNF."], ["created_at", "2019-05-01 16:45:15.106997"], ["updated_at", "2019-05-01 16:45:15.106997"]]
  ↳ /home/lukastsunami/.rbenv/versions/2.5.1/lib/ruby/gems/2.5.0/gems/activerecord-5.2.3/lib/active_record/log_subscriber.rb:98
  [1m[35m (0.4ms)[0m  [1m[31mROLLBACK[0m
  ↳ /home/lukastsunami/.rbenv/versions/2.5.1/lib/ruby/gems/2.5.0/gems/activerecord-5.2.3/lib/active_record/log_subscriber.rb:98
Completed 500 Internal Server Error in 173ms (ActiveRecord: 2.0ms)


  
ActiveRecord::NotNullViolation (PG::NotNullViolation: ERROR:  null value in column "dataNascimento" violates not-null constraint
DETAIL:  Failing row contains (3, herc@gmail, $2a$11$nxhmt288xgbz0rKugwT01OPTqL3OGa0iViH7ZbIOOvFGFyU2AVNF., null, null, null, , null, 2019-05-01 16:45:15.106997, 2019-05-01 16:45:15.106997).
: INSERT INTO "users" ("email", "encrypted_password", "created_at", "updated_at") VALUES ($1, $2, $3, $4) RETURNING "id"):
  
activerecord (5.2.3) lib/active_record/connection_adapters/postgresql_adapter.rb:611:in `async_exec_params'
activerecord (5.2.3) lib/active_record/connection_adapters/postgresql_adapter.rb:611:in `block (2 levels) in exec_no_cache'
activesupport (5.2.3) lib/active_support/dependencies/interlock.rb:48:in `block in permit_concurrent_loads'
activesupport (5.2.3) lib/active_support/concurrency/share_lock.rb:187:in `yield_shares'
activesupport (5.2.3) lib/active_support/dependencies/interlock.rb:47:in `permit_concurrent_loads'
activerecord (5.2.3) lib/active_record/connection_adapters/postgresql_adapter.rb:610:in `block in exec_no_cache'
activerecord (5.2.3) lib/active_record/connection_adapters/abstract_adapter.rb:581:in `block (2 levels) in log'
/home/lukastsunami/.rbenv/versions/2.5.1/lib/ruby/2.5.0/monitor.rb:226:in `mon_synchronize'
activerecord (5.2.3) lib/active_record/connection_adapters/abstract_adapter.rb:580:in `block in log'
activesupport (5.2.3) lib/active_support/notifications/instrumenter.rb:23:in `instrument'
activerecord (5.2.3) lib/active_record/connection_adapters/abstract_adapter.rb:571:in `log'
activerecord (5.2.3) lib/active_record/connection_adapters/postgresql_adapter.rb:609:in `exec_no_cache'
activerecord (5.2.3) lib/active_record/connection_adapters/postgresql_adapter.rb:598:in `execute_and_clear'
activerecord (5.2.3) lib/active_record/connection_adapters/postgresql/database_statements.rb:81:in `exec_query'
activerecord (5.2.3) lib/active_record/connection_adapters/abstract/database_statements.rb:130:in `exec_insert'
activerecord (5.2.3) lib/active_record/connection_adapters/postgresql/database_statements.rb:115:in `exec_insert'
activerecord (5.2.3) lib/active_record/connection_adapters/abstract/database_statements.rb:162:in `insert'
activerecord (5.2.3) lib/active_record/connection_adapters/abstract/query_cache.rb:21:in `insert'
activerecord (5.2.3) lib/active_record/persistence.rb:187:in `_insert_record'
activerecord (5.2.3) lib/active_record/persistence.rb:734:in `_create_record'
activerecord (5.2.3) lib/active_record/counter_cache.rb:184:in `_create_record'
activerecord (5.2.3) lib/active_record/locking/optimistic.rb:70:in `_create_record'
activerecord (5.2.3) lib/active_record/attribute_methods/dirty.rb:140:in `_create_record'
activerecord (5.2.3) lib/active_record/callbacks.rb:346:in `block in _create_record'
activesupport (5.2.3) lib/active_support/callbacks.rb:98:in `run_callbacks'
activesupport (5.2.3) lib/active_support/callbacks.rb:816:in `_run_create_callbacks'
activerecord (5.2.3) lib/active_record/callbacks.rb:346:in `_create_record'
activerecord (5.2.3) lib/active_record/timestamp.rb:102:in `_create_record'
activerecord (5.2.3) lib/active_record/persistence.rb:705:in `create_or_update'
activerecord (5.2.3) lib/active_record/callbacks.rb:342:in `block in create_or_update'
activesupport (5.2.3) lib/active_support/callbacks.rb:98:in `run_callbacks'
activesupport (5.2.3) lib/active_support/callbacks.rb:816:in `_run_save_callbacks'
activerecord (5.2.3) lib/active_record/callbacks.rb:342:in `create_or_update'
activerecord (5.2.3) lib/active_record/persistence.rb:275:in `save'
activerecord (5.2.3) lib/active_record/validations.rb:46:in `save'
activerecord (5.2.3) lib/active_record/transactions.rb:310:in `block (2 levels) in save'
activerecord (5.2.3) lib/active_record/transactions.rb:387:in `block in with_transaction_returning_status'
activerecord (5.2.3) lib/active_record/connection_adapters/abstract/database_statements.rb:267:in `block in transaction'
activerecord (5.2.3) lib/active_record/connection_adapters/abstract/transaction.rb:239:in `block in within_new_transaction'
/home/lukastsunami/.rbenv/versions/2.5.1/lib/ruby/2.5.0/monitor.rb:226:in `mon_synchronize'
activerecord (5.2.3) lib/active_record/connection_adapters/abstract/transaction.rb:236:in `within_new_transaction'
activerecord (5.2.3) lib/active_record/connection_adapters/abstract/database_statements.rb:267:in `transaction'
activerecord (5.2.3) lib/active_record/transactions.rb:212:in `transaction'
activerecord (5.2.3) lib/active_record/transactions.rb:385:in `with_transaction_returning_status'
activerecord (5.2.3) lib/active_record/transactions.rb:310:in `block in save'
activerecord (5.2.3) lib/active_record/transactions.rb:325:in `rollback_active_record_state!'
activerecord (5.2.3) lib/active_record/transactions.rb:309:in `save'
activerecord (5.2.3) lib/active_record/suppressor.rb:44:in `save'
devise (4.6.2) app/controllers/devise/registrations_controller.rb:19:in `create'
actionpack (5.2.3) lib/action_controller/metal/basic_implicit_render.rb:6:in `send_action'
actionpack (5.2.3) lib/abstract_controller/base.rb:194:in `process_action'
actionpack (5.2.3) lib/action_controller/metal/rendering.rb:30:in `process_action'
actionpack (5.2.3) lib/abstract_controller/callbacks.rb:42:in `block in process_action'
activesupport (5.2.3) lib/active_support/callbacks.rb:132:in `run_callbacks'
actionpack (5.2.3) lib/abstract_controller/callbacks.rb:41:in `process_action'
actionpack (5.2.3) lib/action_controller/metal/rescue.rb:22:in `process_action'
actionpack (5.2.3) lib/action_controller/metal/instrumentation.rb:34:in `block in process_action'
activesupport (5.2.3) lib/active_support/notifications.rb:168:in `block in instrument'
activesupport (5.2.3) lib/active_support/notifications/instrumenter.rb:23:in `instrument'
activesupport (5.2.3) lib/active_support/notifications.rb:168:in `instrument'
actionpack (5.2.3) lib/action_controller/metal/instrumentation.rb:32:in `process_action'
actionpack (5.2.3) lib/action_controller/metal/params_wrapper.rb:256:in `process_action'
activerecord (5.2.3) lib/active_record/railties/controller_runtime.rb:24:in `process_action'
actionpack (5.2.3) lib/abstract_controller/base.rb:134:in `process'
actionview (5.2.3) lib/action_view/rendering.rb:32:in `process'
actionpack (5.2.3) lib/action_controller/metal.rb:191:in `dispatch'
actionpack (5.2.3) lib/action_controller/metal.rb:252:in `dispatch'
actionpack (5.2.3) lib/action_dispatch/routing/route_set.rb:52:in `dispatch'
actionpack (5.2.3) lib/action_dispatch/routing/route_set.rb:34:in `serve'
actionpack (5.2.3) lib/action_dispatch/routing/mapper.rb:18:in `block in <class:Constraints>'
actionpack (5.2.3) lib/action_dispatch/routing/mapper.rb:48:in `serve'
actionpack (5.2.3) lib/action_dispatch/journey/router.rb:52:in `block in serve'
actionpack (5.2.3) lib/action_dispatch/journey/router.rb:35:in `each'
actionpack (5.2.3) lib/action_dispatch/journey/router.rb:35:in `serve'
actionpack (5.2.3) lib/action_dispatch/routing/route_set.rb:840:in `call'
warden (1.2.8) lib/warden/manager.rb:36:in `block in call'
warden (1.2.8) lib/warden/manager.rb:34:in `catch'
warden (1.2.8) lib/warden/manager.rb:34:in `call'
rack (2.0.7) lib/rack/tempfile_reaper.rb:15:in `call'
rack (2.0.7) lib/rack/etag.rb:25:in `call'
rack (2.0.7) lib/rack/conditional_get.rb:38:in `call'
rack (2.0.7) lib/rack/head.rb:12:in `call'
actionpack (5.2.3) lib/action_dispatch/http/content_security_policy.rb:18:in `call'
rack (2.0.7) lib/rack/session/abstract/id.rb:232:in `context'
rack (2.0.7) lib/rack/session/abstract/id.rb:226:in `call'
actionpack (5.2.3) lib/action_dispatch/middleware/cookies.rb:670:in `call'
activerecord (5.2.3) lib/active_record/migration.rb:559:in `call'
actionpack (5.2.3) lib/action_dispatch/middleware/callbacks.rb:28:in `block in call'
activesupport (5.2.3) lib/active_support/callbacks.rb:98:in `run_callbacks'
actionpack (5.2.3) lib/action_dispatch/middleware/callbacks.rb:26:in `call'
actionpack (5.2.3) lib/action_dispatch/middleware/executor.rb:14:in `call'
actionpack (5.2.3) lib/action_dispatch/middleware/debug_exceptions.rb:61:in `call'
web-console (3.7.0) lib/web_console/middleware.rb:135:in `call_app'
web-console (3.7.0) lib/web_console/middleware.rb:30:in `block in call'
web-console (3.7.0) lib/web_console/middleware.rb:20:in `catch'
web-console (3.7.0) lib/web_console/middleware.rb:20:in `call'
actionpack (5.2.3) lib/action_dispatch/middleware/show_exceptions.rb:33:in `call'
railties (5.2.3) lib/rails/rack/logger.rb:38:in `call_app'
railties (5.2.3) lib/rails/rack/logger.rb:26:in `block in call'
activesupport (5.2.3) lib/active_support/tagged_logging.rb:71:in `block in tagged'
activesupport (5.2.3) lib/active_support/tagged_logging.rb:28:in `tagged'
activesupport (5.2.3) lib/active_support/tagged_logging.rb:71:in `tagged'
railties (5.2.3) lib/rails/rack/logger.rb:26:in `call'
sprockets-rails (3.2.1) lib/sprockets/rails/quiet_assets.rb:13:in `call'
actionpack (5.2.3) lib/action_dispatch/middleware/remote_ip.rb:81:in `call'
actionpack (5.2.3) lib/action_dispatch/middleware/request_id.rb:27:in `call'
rack (2.0.7) lib/rack/method_override.rb:22:in `call'
rack (2.0.7) lib/rack/runtime.rb:22:in `call'
activesupport (5.2.3) lib/active_support/cache/strategy/local_cache_middleware.rb:29:in `call'
actionpack (5.2.3) lib/action_dispatch/middleware/executor.rb:14:in `call'
actionpack (5.2.3) lib/action_dispatch/middleware/static.rb:127:in `call'
rack (2.0.7) lib/rack/sendfile.rb:111:in `call'
railties (5.2.3) lib/rails/engine.rb:524:in `call'
puma (3.12.1) lib/puma/configuration.rb:227:in `call'
puma (3.12.1) lib/puma/server.rb:660:in `handle_request'
puma (3.12.1) lib/puma/server.rb:474:in `process_client'
puma (3.12.1) lib/puma/server.rb:334:in `block in run'
puma (3.12.1) lib/puma/thread_pool.rb:135:in `block in spawn_thread'
Started POST "/users" for ::1 at 2019-05-01 13:46:38 -0300
Processing by Devise::RegistrationsController#create as HTML
  Parameters: {"utf8"=>"✓", "authenticity_token"=>"THDdd+BkwNfXGpehWCX6DNXtY4pBk8c44wF8g5cRiGxgaShIlhY7vN3mYUoDJ3hPm60ZmdWZwq4otbdCa6RAog==", "user"=>{"email"=>"herc@gmail", "nome"=>"felipe", "dataNascimento(1i)"=>"2015", "dataNascimento(2i)"=>"5", "dataNascimento(3i)"=>"1", "password"=>"[FILTERED]", "password_confirmation"=>"[FILTERED]"}, "commit"=>"Sign up"}
Unpermitted parameters: :nome, :dataNascimento(1i), :dataNascimento(2i), :dataNascimento(3i)
  [1m[35m (1.1ms)[0m  [1m[35mBEGIN[0m
  ↳ /home/lukastsunami/.rbenv/versions/2.5.1/lib/ruby/gems/2.5.0/gems/activerecord-5.2.3/lib/active_record/log_subscriber.rb:98
  [1m[36mUser Exists (0.6ms)[0m  [1m[34mSELECT  1 AS one FROM "users" WHERE "users"."email" = $1 LIMIT $2[0m  [["email", "herc@gmail"], ["LIMIT", 1]]
  ↳ /home/lukastsunami/.rbenv/versions/2.5.1/lib/ruby/gems/2.5.0/gems/activerecord-5.2.3/lib/active_record/log_subscriber.rb:98
  [1m[36mUser Create (1.0ms)[0m  [1m[32mINSERT INTO "users" ("email", "encrypted_password", "created_at", "updated_at") VALUES ($1, $2, $3, $4) RETURNING "id"[0m  [["email", "herc@gmail"], ["encrypted_password", "$2a$11$QVlYOb45JXcxmZt6dlIiaen74whMVU.hiZwI.UO59uial9jQ7nwAm"], ["created_at", "2019-05-01 16:46:38.877543"], ["updated_at", "2019-05-01 16:46:38.877543"]]
  ↳ /home/lukastsunami/.rbenv/versions/2.5.1/lib/ruby/gems/2.5.0/gems/activerecord-5.2.3/lib/active_record/log_subscriber.rb:98
  [1m[35m (0.2ms)[0m  [1m[31mROLLBACK[0m
  ↳ /home/lukastsunami/.rbenv/versions/2.5.1/lib/ruby/gems/2.5.0/gems/activerecord-5.2.3/lib/active_record/log_subscriber.rb:98
Completed 500 Internal Server Error in 187ms (ActiveRecord: 2.9ms)


  
ActiveRecord::NotNullViolation (PG::NotNullViolation: ERROR:  null value in column "dataNascimento" violates not-null constraint
DETAIL:  Failing row contains (4, herc@gmail, $2a$11$QVlYOb45JXcxmZt6dlIiaen74whMVU.hiZwI.UO59uial9jQ7nwAm, null, null, null, , null, 2019-05-01 16:46:38.877543, 2019-05-01 16:46:38.877543).
: INSERT INTO "users" ("email", "encrypted_password", "created_at", "updated_at") VALUES ($1, $2, $3, $4) RETURNING "id"):
  
activerecord (5.2.3) lib/active_record/connection_adapters/postgresql_adapter.rb:611:in `async_exec_params'
activerecord (5.2.3) lib/active_record/connection_adapters/postgresql_adapter.rb:611:in `block (2 levels) in exec_no_cache'
activesupport (5.2.3) lib/active_support/dependencies/interlock.rb:48:in `block in permit_concurrent_loads'
activesupport (5.2.3) lib/active_support/concurrency/share_lock.rb:187:in `yield_shares'
activesupport (5.2.3) lib/active_support/dependencies/interlock.rb:47:in `permit_concurrent_loads'
activerecord (5.2.3) lib/active_record/connection_adapters/postgresql_adapter.rb:610:in `block in exec_no_cache'
activerecord (5.2.3) lib/active_record/connection_adapters/abstract_adapter.rb:581:in `block (2 levels) in log'
/home/lukastsunami/.rbenv/versions/2.5.1/lib/ruby/2.5.0/monitor.rb:226:in `mon_synchronize'
activerecord (5.2.3) lib/active_record/connection_adapters/abstract_adapter.rb:580:in `block in log'
activesupport (5.2.3) lib/active_support/notifications/instrumenter.rb:23:in `instrument'
activerecord (5.2.3) lib/active_record/connection_adapters/abstract_adapter.rb:571:in `log'
activerecord (5.2.3) lib/active_record/connection_adapters/postgresql_adapter.rb:609:in `exec_no_cache'
activerecord (5.2.3) lib/active_record/connection_adapters/postgresql_adapter.rb:598:in `execute_and_clear'
activerecord (5.2.3) lib/active_record/connection_adapters/postgresql/database_statements.rb:81:in `exec_query'
activerecord (5.2.3) lib/active_record/connection_adapters/abstract/database_statements.rb:130:in `exec_insert'
activerecord (5.2.3) lib/active_record/connection_adapters/postgresql/database_statements.rb:115:in `exec_insert'
activerecord (5.2.3) lib/active_record/connection_adapters/abstract/database_statements.rb:162:in `insert'
activerecord (5.2.3) lib/active_record/connection_adapters/abstract/query_cache.rb:21:in `insert'
activerecord (5.2.3) lib/active_record/persistence.rb:187:in `_insert_record'
activerecord (5.2.3) lib/active_record/persistence.rb:734:in `_create_record'
activerecord (5.2.3) lib/active_record/counter_cache.rb:184:in `_create_record'
activerecord (5.2.3) lib/active_record/locking/optimistic.rb:70:in `_create_record'
activerecord (5.2.3) lib/active_record/attribute_methods/dirty.rb:140:in `_create_record'
activerecord (5.2.3) lib/active_record/callbacks.rb:346:in `block in _create_record'
activesupport (5.2.3) lib/active_support/callbacks.rb:98:in `run_callbacks'
activesupport (5.2.3) lib/active_support/callbacks.rb:816:in `_run_create_callbacks'
activerecord (5.2.3) lib/active_record/callbacks.rb:346:in `_create_record'
activerecord (5.2.3) lib/active_record/timestamp.rb:102:in `_create_record'
activerecord (5.2.3) lib/active_record/persistence.rb:705:in `create_or_update'
activerecord (5.2.3) lib/active_record/callbacks.rb:342:in `block in create_or_update'
activesupport (5.2.3) lib/active_support/callbacks.rb:98:in `run_callbacks'
activesupport (5.2.3) lib/active_support/callbacks.rb:816:in `_run_save_callbacks'
activerecord (5.2.3) lib/active_record/callbacks.rb:342:in `create_or_update'
activerecord (5.2.3) lib/active_record/persistence.rb:275:in `save'
activerecord (5.2.3) lib/active_record/validations.rb:46:in `save'
activerecord (5.2.3) lib/active_record/transactions.rb:310:in `block (2 levels) in save'
activerecord (5.2.3) lib/active_record/transactions.rb:387:in `block in with_transaction_returning_status'
activerecord (5.2.3) lib/active_record/connection_adapters/abstract/database_statements.rb:267:in `block in transaction'
activerecord (5.2.3) lib/active_record/connection_adapters/abstract/transaction.rb:239:in `block in within_new_transaction'
/home/lukastsunami/.rbenv/versions/2.5.1/lib/ruby/2.5.0/monitor.rb:226:in `mon_synchronize'
activerecord (5.2.3) lib/active_record/connection_adapters/abstract/transaction.rb:236:in `within_new_transaction'
activerecord (5.2.3) lib/active_record/connection_adapters/abstract/database_statements.rb:267:in `transaction'
activerecord (5.2.3) lib/active_record/transactions.rb:212:in `transaction'
activerecord (5.2.3) lib/active_record/transactions.rb:385:in `with_transaction_returning_status'
activerecord (5.2.3) lib/active_record/transactions.rb:310:in `block in save'
activerecord (5.2.3) lib/active_record/transactions.rb:325:in `rollback_active_record_state!'
activerecord (5.2.3) lib/active_record/transactions.rb:309:in `save'
activerecord (5.2.3) lib/active_record/suppressor.rb:44:in `save'
devise (4.6.2) app/controllers/devise/registrations_controller.rb:19:in `create'
actionpack (5.2.3) lib/action_controller/metal/basic_implicit_render.rb:6:in `send_action'
actionpack (5.2.3) lib/abstract_controller/base.rb:194:in `process_action'
actionpack (5.2.3) lib/action_controller/metal/rendering.rb:30:in `process_action'
actionpack (5.2.3) lib/abstract_controller/callbacks.rb:42:in `block in process_action'
activesupport (5.2.3) lib/active_support/callbacks.rb:132:in `run_callbacks'
actionpack (5.2.3) lib/abstract_controller/callbacks.rb:41:in `process_action'
actionpack (5.2.3) lib/action_controller/metal/rescue.rb:22:in `process_action'
actionpack (5.2.3) lib/action_controller/metal/instrumentation.rb:34:in `block in process_action'
activesupport (5.2.3) lib/active_support/notifications.rb:168:in `block in instrument'
activesupport (5.2.3) lib/active_support/notifications/instrumenter.rb:23:in `instrument'
activesupport (5.2.3) lib/active_support/notifications.rb:168:in `instrument'
actionpack (5.2.3) lib/action_controller/metal/instrumentation.rb:32:in `process_action'
actionpack (5.2.3) lib/action_controller/metal/params_wrapper.rb:256:in `process_action'
activerecord (5.2.3) lib/active_record/railties/controller_runtime.rb:24:in `process_action'
actionpack (5.2.3) lib/abstract_controller/base.rb:134:in `process'
actionview (5.2.3) lib/action_view/rendering.rb:32:in `process'
actionpack (5.2.3) lib/action_controller/metal.rb:191:in `dispatch'
actionpack (5.2.3) lib/action_controller/metal.rb:252:in `dispatch'
actionpack (5.2.3) lib/action_dispatch/routing/route_set.rb:52:in `dispatch'
actionpack (5.2.3) lib/action_dispatch/routing/route_set.rb:34:in `serve'
actionpack (5.2.3) lib/action_dispatch/routing/mapper.rb:18:in `block in <class:Constraints>'
actionpack (5.2.3) lib/action_dispatch/routing/mapper.rb:48:in `serve'
actionpack (5.2.3) lib/action_dispatch/journey/router.rb:52:in `block in serve'
actionpack (5.2.3) lib/action_dispatch/journey/router.rb:35:in `each'
actionpack (5.2.3) lib/action_dispatch/journey/router.rb:35:in `serve'
actionpack (5.2.3) lib/action_dispatch/routing/route_set.rb:840:in `call'
warden (1.2.8) lib/warden/manager.rb:36:in `block in call'
warden (1.2.8) lib/warden/manager.rb:34:in `catch'
warden (1.2.8) lib/warden/manager.rb:34:in `call'
rack (2.0.7) lib/rack/tempfile_reaper.rb:15:in `call'
rack (2.0.7) lib/rack/etag.rb:25:in `call'
rack (2.0.7) lib/rack/conditional_get.rb:38:in `call'
rack (2.0.7) lib/rack/head.rb:12:in `call'
actionpack (5.2.3) lib/action_dispatch/http/content_security_policy.rb:18:in `call'
rack (2.0.7) lib/rack/session/abstract/id.rb:232:in `context'
rack (2.0.7) lib/rack/session/abstract/id.rb:226:in `call'
actionpack (5.2.3) lib/action_dispatch/middleware/cookies.rb:670:in `call'
activerecord (5.2.3) lib/active_record/migration.rb:559:in `call'
actionpack (5.2.3) lib/action_dispatch/middleware/callbacks.rb:28:in `block in call'
activesupport (5.2.3) lib/active_support/callbacks.rb:98:in `run_callbacks'
actionpack (5.2.3) lib/action_dispatch/middleware/callbacks.rb:26:in `call'
actionpack (5.2.3) lib/action_dispatch/middleware/executor.rb:14:in `call'
actionpack (5.2.3) lib/action_dispatch/middleware/debug_exceptions.rb:61:in `call'
web-console (3.7.0) lib/web_console/middleware.rb:135:in `call_app'
web-console (3.7.0) lib/web_console/middleware.rb:30:in `block in call'
web-console (3.7.0) lib/web_console/middleware.rb:20:in `catch'
web-console (3.7.0) lib/web_console/middleware.rb:20:in `call'
actionpack (5.2.3) lib/action_dispatch/middleware/show_exceptions.rb:33:in `call'
railties (5.2.3) lib/rails/rack/logger.rb:38:in `call_app'
railties (5.2.3) lib/rails/rack/logger.rb:26:in `block in call'
activesupport (5.2.3) lib/active_support/tagged_logging.rb:71:in `block in tagged'
activesupport (5.2.3) lib/active_support/tagged_logging.rb:28:in `tagged'
activesupport (5.2.3) lib/active_support/tagged_logging.rb:71:in `tagged'
railties (5.2.3) lib/rails/rack/logger.rb:26:in `call'
sprockets-rails (3.2.1) lib/sprockets/rails/quiet_assets.rb:13:in `call'
actionpack (5.2.3) lib/action_dispatch/middleware/remote_ip.rb:81:in `call'
actionpack (5.2.3) lib/action_dispatch/middleware/request_id.rb:27:in `call'
rack (2.0.7) lib/rack/method_override.rb:22:in `call'
rack (2.0.7) lib/rack/runtime.rb:22:in `call'
activesupport (5.2.3) lib/active_support/cache/strategy/local_cache_middleware.rb:29:in `call'
actionpack (5.2.3) lib/action_dispatch/middleware/executor.rb:14:in `call'
actionpack (5.2.3) lib/action_dispatch/middleware/static.rb:127:in `call'
rack (2.0.7) lib/rack/sendfile.rb:111:in `call'
railties (5.2.3) lib/rails/engine.rb:524:in `call'
puma (3.12.1) lib/puma/configuration.rb:227:in `call'
puma (3.12.1) lib/puma/server.rb:660:in `handle_request'
puma (3.12.1) lib/puma/server.rb:474:in `process_client'
puma (3.12.1) lib/puma/server.rb:334:in `block in run'
puma (3.12.1) lib/puma/thread_pool.rb:135:in `block in spawn_thread'
Started GET "/users/sign_up" for ::1 at 2019-05-01 13:46:39 -0300
Processing by Devise::RegistrationsController#new as HTML
  Rendering devise/registrations/new.html.erb within layouts/application
  Rendered devise/shared/_error_messages.html.erb (0.7ms)
  Rendered devise/shared/_links.html.erb (1.2ms)
  Rendered devise/registrations/new.html.erb within layouts/application (12.7ms)
Completed 200 OK in 37ms (Views: 35.8ms | ActiveRecord: 0.0ms)


Started POST "/users" for ::1 at 2019-05-01 13:46:58 -0300
Processing by Devise::RegistrationsController#create as HTML
  Parameters: {"utf8"=>"✓", "authenticity_token"=>"8QswzLWoPyz0qyL1adli8rVPHDyQZ0wdiEThuPvFKMTdEsXzw9rER/5X1B4y2+Cx+w9mLwRtSYtD8Cp5B3DgCg==", "user"=>{"email"=>"herc@gmail", "nome"=>"felipe", "dataNascimento(1i)"=>"2015", "dataNascimento(2i)"=>"5", "dataNascimento(3i)"=>"1", "password"=>"[FILTERED]", "password_confirmation"=>"[FILTERED]"}, "commit"=>"Sign up"}
Unpermitted parameters: :nome, :dataNascimento(1i), :dataNascimento(2i), :dataNascimento(3i)
  [1m[35m (0.3ms)[0m  [1m[35mBEGIN[0m
  ↳ /home/lukastsunami/.rbenv/versions/2.5.1/lib/ruby/gems/2.5.0/gems/activerecord-5.2.3/lib/active_record/log_subscriber.rb:98
  [1m[36mUser Exists (0.9ms)[0m  [1m[34mSELECT  1 AS one FROM "users" WHERE "users"."email" = $1 LIMIT $2[0m  [["email", "herc@gmail"], ["LIMIT", 1]]
  ↳ /home/lukastsunami/.rbenv/versions/2.5.1/lib/ruby/gems/2.5.0/gems/activerecord-5.2.3/lib/active_record/log_subscriber.rb:98
  [1m[35m (0.2ms)[0m  [1m[31mROLLBACK[0m
  ↳ /home/lukastsunami/.rbenv/versions/2.5.1/lib/ruby/gems/2.5.0/gems/activerecord-5.2.3/lib/active_record/log_subscriber.rb:98
  Rendering devise/registrations/new.html.erb within layouts/application
  Rendered devise/shared/_error_messages.html.erb (1.0ms)
  Rendered devise/shared/_links.html.erb (1.1ms)
  Rendered devise/registrations/new.html.erb within layouts/application (8.7ms)
Completed 200 OK in 205ms (Views: 25.1ms | ActiveRecord: 1.5ms)


Started POST "/users" for ::1 at 2019-05-01 13:47:14 -0300
Processing by Devise::RegistrationsController#create as HTML
  Parameters: {"utf8"=>"✓", "authenticity_token"=>"nG2o9tJdWH336O1LoeoJAuJ9Kh6JIP3m4biCirT67sywdF3JpC+jFv0UG6D66ItBrD1QDR0q+HAqDElLSE8mAg==", "user"=>{"email"=>"herc@gmail", "nome"=>"teste", "dataNascimento(1i)"=>"2019", "dataNascimento(2i)"=>"5", "dataNascimento(3i)"=>"5", "password"=>"[FILTERED]", "password_confirmation"=>"[FILTERED]"}, "commit"=>"Sign up"}
Unpermitted parameters: :nome, :dataNascimento(1i), :dataNascimento(2i), :dataNascimento(3i)
  [1m[35m (0.2ms)[0m  [1m[35mBEGIN[0m
  ↳ /home/lukastsunami/.rbenv/versions/2.5.1/lib/ruby/gems/2.5.0/gems/activerecord-5.2.3/lib/active_record/log_subscriber.rb:98
  [1m[36mUser Exists (0.9ms)[0m  [1m[34mSELECT  1 AS one FROM "users" WHERE "users"."email" = $1 LIMIT $2[0m  [["email", "herc@gmail"], ["LIMIT", 1]]
  ↳ /home/lukastsunami/.rbenv/versions/2.5.1/lib/ruby/gems/2.5.0/gems/activerecord-5.2.3/lib/active_record/log_subscriber.rb:98
  [1m[36mUser Create (1.0ms)[0m  [1m[32mINSERT INTO "users" ("email", "encrypted_password", "created_at", "updated_at") VALUES ($1, $2, $3, $4) RETURNING "id"[0m  [["email", "herc@gmail"], ["encrypted_password", "$2a$11$qQDSRqJX4O72LvO40buasuWRJr7C3XH5lyjPSaaH.BdD/3oG1lqzW"], ["created_at", "2019-05-01 16:47:14.759390"], ["updated_at", "2019-05-01 16:47:14.759390"]]
  ↳ /home/lukastsunami/.rbenv/versions/2.5.1/lib/ruby/gems/2.5.0/gems/activerecord-5.2.3/lib/active_record/log_subscriber.rb:98
  [1m[35m (0.2ms)[0m  [1m[31mROLLBACK[0m
  ↳ /home/lukastsunami/.rbenv/versions/2.5.1/lib/ruby/gems/2.5.0/gems/activerecord-5.2.3/lib/active_record/log_subscriber.rb:98
Completed 500 Internal Server Error in 173ms (ActiveRecord: 2.3ms)


  
ActiveRecord::NotNullViolation (PG::NotNullViolation: ERROR:  null value in column "dataNascimento" violates not-null constraint
DETAIL:  Failing row contains (5, herc@gmail, $2a$11$qQDSRqJX4O72LvO40buasuWRJr7C3XH5lyjPSaaH.BdD/3oG1lqzW, null, null, null, , null, 2019-05-01 16:47:14.75939, 2019-05-01 16:47:14.75939).
: INSERT INTO "users" ("email", "encrypted_password", "created_at", "updated_at") VALUES ($1, $2, $3, $4) RETURNING "id"):
  
activerecord (5.2.3) lib/active_record/connection_adapters/postgresql_adapter.rb:611:in `async_exec_params'
activerecord (5.2.3) lib/active_record/connection_adapters/postgresql_adapter.rb:611:in `block (2 levels) in exec_no_cache'
activesupport (5.2.3) lib/active_support/dependencies/interlock.rb:48:in `block in permit_concurrent_loads'
activesupport (5.2.3) lib/active_support/concurrency/share_lock.rb:187:in `yield_shares'
activesupport (5.2.3) lib/active_support/dependencies/interlock.rb:47:in `permit_concurrent_loads'
activerecord (5.2.3) lib/active_record/connection_adapters/postgresql_adapter.rb:610:in `block in exec_no_cache'
activerecord (5.2.3) lib/active_record/connection_adapters/abstract_adapter.rb:581:in `block (2 levels) in log'
/home/lukastsunami/.rbenv/versions/2.5.1/lib/ruby/2.5.0/monitor.rb:226:in `mon_synchronize'
activerecord (5.2.3) lib/active_record/connection_adapters/abstract_adapter.rb:580:in `block in log'
activesupport (5.2.3) lib/active_support/notifications/instrumenter.rb:23:in `instrument'
activerecord (5.2.3) lib/active_record/connection_adapters/abstract_adapter.rb:571:in `log'
activerecord (5.2.3) lib/active_record/connection_adapters/postgresql_adapter.rb:609:in `exec_no_cache'
activerecord (5.2.3) lib/active_record/connection_adapters/postgresql_adapter.rb:598:in `execute_and_clear'
activerecord (5.2.3) lib/active_record/connection_adapters/postgresql/database_statements.rb:81:in `exec_query'
activerecord (5.2.3) lib/active_record/connection_adapters/abstract/database_statements.rb:130:in `exec_insert'
activerecord (5.2.3) lib/active_record/connection_adapters/postgresql/database_statements.rb:115:in `exec_insert'
activerecord (5.2.3) lib/active_record/connection_adapters/abstract/database_statements.rb:162:in `insert'
activerecord (5.2.3) lib/active_record/connection_adapters/abstract/query_cache.rb:21:in `insert'
activerecord (5.2.3) lib/active_record/persistence.rb:187:in `_insert_record'
activerecord (5.2.3) lib/active_record/persistence.rb:734:in `_create_record'
activerecord (5.2.3) lib/active_record/counter_cache.rb:184:in `_create_record'
activerecord (5.2.3) lib/active_record/locking/optimistic.rb:70:in `_create_record'
activerecord (5.2.3) lib/active_record/attribute_methods/dirty.rb:140:in `_create_record'
activerecord (5.2.3) lib/active_record/callbacks.rb:346:in `block in _create_record'
activesupport (5.2.3) lib/active_support/callbacks.rb:98:in `run_callbacks'
activesupport (5.2.3) lib/active_support/callbacks.rb:816:in `_run_create_callbacks'
activerecord (5.2.3) lib/active_record/callbacks.rb:346:in `_create_record'
activerecord (5.2.3) lib/active_record/timestamp.rb:102:in `_create_record'
activerecord (5.2.3) lib/active_record/persistence.rb:705:in `create_or_update'
activerecord (5.2.3) lib/active_record/callbacks.rb:342:in `block in create_or_update'
activesupport (5.2.3) lib/active_support/callbacks.rb:98:in `run_callbacks'
activesupport (5.2.3) lib/active_support/callbacks.rb:816:in `_run_save_callbacks'
activerecord (5.2.3) lib/active_record/callbacks.rb:342:in `create_or_update'
activerecord (5.2.3) lib/active_record/persistence.rb:275:in `save'
activerecord (5.2.3) lib/active_record/validations.rb:46:in `save'
activerecord (5.2.3) lib/active_record/transactions.rb:310:in `block (2 levels) in save'
activerecord (5.2.3) lib/active_record/transactions.rb:387:in `block in with_transaction_returning_status'
activerecord (5.2.3) lib/active_record/connection_adapters/abstract/database_statements.rb:267:in `block in transaction'
activerecord (5.2.3) lib/active_record/connection_adapters/abstract/transaction.rb:239:in `block in within_new_transaction'
/home/lukastsunami/.rbenv/versions/2.5.1/lib/ruby/2.5.0/monitor.rb:226:in `mon_synchronize'
activerecord (5.2.3) lib/active_record/connection_adapters/abstract/transaction.rb:236:in `within_new_transaction'
activerecord (5.2.3) lib/active_record/connection_adapters/abstract/database_statements.rb:267:in `transaction'
activerecord (5.2.3) lib/active_record/transactions.rb:212:in `transaction'
activerecord (5.2.3) lib/active_record/transactions.rb:385:in `with_transaction_returning_status'
activerecord (5.2.3) lib/active_record/transactions.rb:310:in `block in save'
activerecord (5.2.3) lib/active_record/transactions.rb:325:in `rollback_active_record_state!'
activerecord (5.2.3) lib/active_record/transactions.rb:309:in `save'
activerecord (5.2.3) lib/active_record/suppressor.rb:44:in `save'
devise (4.6.2) app/controllers/devise/registrations_controller.rb:19:in `create'
actionpack (5.2.3) lib/action_controller/metal/basic_implicit_render.rb:6:in `send_action'
actionpack (5.2.3) lib/abstract_controller/base.rb:194:in `process_action'
actionpack (5.2.3) lib/action_controller/metal/rendering.rb:30:in `process_action'
actionpack (5.2.3) lib/abstract_controller/callbacks.rb:42:in `block in process_action'
activesupport (5.2.3) lib/active_support/callbacks.rb:132:in `run_callbacks'
actionpack (5.2.3) lib/abstract_controller/callbacks.rb:41:in `process_action'
actionpack (5.2.3) lib/action_controller/metal/rescue.rb:22:in `process_action'
actionpack (5.2.3) lib/action_controller/metal/instrumentation.rb:34:in `block in process_action'
activesupport (5.2.3) lib/active_support/notifications.rb:168:in `block in instrument'
activesupport (5.2.3) lib/active_support/notifications/instrumenter.rb:23:in `instrument'
activesupport (5.2.3) lib/active_support/notifications.rb:168:in `instrument'
actionpack (5.2.3) lib/action_controller/metal/instrumentation.rb:32:in `process_action'
actionpack (5.2.3) lib/action_controller/metal/params_wrapper.rb:256:in `process_action'
activerecord (5.2.3) lib/active_record/railties/controller_runtime.rb:24:in `process_action'
actionpack (5.2.3) lib/abstract_controller/base.rb:134:in `process'
actionview (5.2.3) lib/action_view/rendering.rb:32:in `process'
actionpack (5.2.3) lib/action_controller/metal.rb:191:in `dispatch'
actionpack (5.2.3) lib/action_controller/metal.rb:252:in `dispatch'
actionpack (5.2.3) lib/action_dispatch/routing/route_set.rb:52:in `dispatch'
actionpack (5.2.3) lib/action_dispatch/routing/route_set.rb:34:in `serve'
actionpack (5.2.3) lib/action_dispatch/routing/mapper.rb:18:in `block in <class:Constraints>'
actionpack (5.2.3) lib/action_dispatch/routing/mapper.rb:48:in `serve'
actionpack (5.2.3) lib/action_dispatch/journey/router.rb:52:in `block in serve'
actionpack (5.2.3) lib/action_dispatch/journey/router.rb:35:in `each'
actionpack (5.2.3) lib/action_dispatch/journey/router.rb:35:in `serve'
actionpack (5.2.3) lib/action_dispatch/routing/route_set.rb:840:in `call'
warden (1.2.8) lib/warden/manager.rb:36:in `block in call'
warden (1.2.8) lib/warden/manager.rb:34:in `catch'
warden (1.2.8) lib/warden/manager.rb:34:in `call'
rack (2.0.7) lib/rack/tempfile_reaper.rb:15:in `call'
rack (2.0.7) lib/rack/etag.rb:25:in `call'
rack (2.0.7) lib/rack/conditional_get.rb:38:in `call'
rack (2.0.7) lib/rack/head.rb:12:in `call'
actionpack (5.2.3) lib/action_dispatch/http/content_security_policy.rb:18:in `call'
rack (2.0.7) lib/rack/session/abstract/id.rb:232:in `context'
rack (2.0.7) lib/rack/session/abstract/id.rb:226:in `call'
actionpack (5.2.3) lib/action_dispatch/middleware/cookies.rb:670:in `call'
activerecord (5.2.3) lib/active_record/migration.rb:559:in `call'
actionpack (5.2.3) lib/action_dispatch/middleware/callbacks.rb:28:in `block in call'
activesupport (5.2.3) lib/active_support/callbacks.rb:98:in `run_callbacks'
actionpack (5.2.3) lib/action_dispatch/middleware/callbacks.rb:26:in `call'
actionpack (5.2.3) lib/action_dispatch/middleware/executor.rb:14:in `call'
actionpack (5.2.3) lib/action_dispatch/middleware/debug_exceptions.rb:61:in `call'
web-console (3.7.0) lib/web_console/middleware.rb:135:in `call_app'
web-console (3.7.0) lib/web_console/middleware.rb:30:in `block in call'
web-console (3.7.0) lib/web_console/middleware.rb:20:in `catch'
web-console (3.7.0) lib/web_console/middleware.rb:20:in `call'
actionpack (5.2.3) lib/action_dispatch/middleware/show_exceptions.rb:33:in `call'
railties (5.2.3) lib/rails/rack/logger.rb:38:in `call_app'
railties (5.2.3) lib/rails/rack/logger.rb:26:in `block in call'
activesupport (5.2.3) lib/active_support/tagged_logging.rb:71:in `block in tagged'
activesupport (5.2.3) lib/active_support/tagged_logging.rb:28:in `tagged'
activesupport (5.2.3) lib/active_support/tagged_logging.rb:71:in `tagged'
railties (5.2.3) lib/rails/rack/logger.rb:26:in `call'
sprockets-rails (3.2.1) lib/sprockets/rails/quiet_assets.rb:13:in `call'
actionpack (5.2.3) lib/action_dispatch/middleware/remote_ip.rb:81:in `call'
actionpack (5.2.3) lib/action_dispatch/middleware/request_id.rb:27:in `call'
rack (2.0.7) lib/rack/method_override.rb:22:in `call'
rack (2.0.7) lib/rack/runtime.rb:22:in `call'
activesupport (5.2.3) lib/active_support/cache/strategy/local_cache_middleware.rb:29:in `call'
actionpack (5.2.3) lib/action_dispatch/middleware/executor.rb:14:in `call'
actionpack (5.2.3) lib/action_dispatch/middleware/static.rb:127:in `call'
rack (2.0.7) lib/rack/sendfile.rb:111:in `call'
railties (5.2.3) lib/rails/engine.rb:524:in `call'
puma (3.12.1) lib/puma/configuration.rb:227:in `call'
puma (3.12.1) lib/puma/server.rb:660:in `handle_request'
puma (3.12.1) lib/puma/server.rb:474:in `process_client'
puma (3.12.1) lib/puma/server.rb:334:in `block in run'
puma (3.12.1) lib/puma/thread_pool.rb:135:in `block in spawn_thread'
Started GET "/users" for ::1 at 2019-05-01 13:55:40 -0300
  
ActionController::RoutingError (No route matches [GET] "/users"):
  
actionpack (5.2.3) lib/action_dispatch/middleware/debug_exceptions.rb:65:in `call'
web-console (3.7.0) lib/web_console/middleware.rb:135:in `call_app'
web-console (3.7.0) lib/web_console/middleware.rb:30:in `block in call'
web-console (3.7.0) lib/web_console/middleware.rb:20:in `catch'
web-console (3.7.0) lib/web_console/middleware.rb:20:in `call'
actionpack (5.2.3) lib/action_dispatch/middleware/show_exceptions.rb:33:in `call'
railties (5.2.3) lib/rails/rack/logger.rb:38:in `call_app'
railties (5.2.3) lib/rails/rack/logger.rb:26:in `block in call'
activesupport (5.2.3) lib/active_support/tagged_logging.rb:71:in `block in tagged'
activesupport (5.2.3) lib/active_support/tagged_logging.rb:28:in `tagged'
activesupport (5.2.3) lib/active_support/tagged_logging.rb:71:in `tagged'
railties (5.2.3) lib/rails/rack/logger.rb:26:in `call'
sprockets-rails (3.2.1) lib/sprockets/rails/quiet_assets.rb:13:in `call'
actionpack (5.2.3) lib/action_dispatch/middleware/remote_ip.rb:81:in `call'
actionpack (5.2.3) lib/action_dispatch/middleware/request_id.rb:27:in `call'
rack (2.0.7) lib/rack/method_override.rb:22:in `call'
rack (2.0.7) lib/rack/runtime.rb:22:in `call'
activesupport (5.2.3) lib/active_support/cache/strategy/local_cache_middleware.rb:29:in `call'
actionpack (5.2.3) lib/action_dispatch/middleware/executor.rb:14:in `call'
actionpack (5.2.3) lib/action_dispatch/middleware/static.rb:127:in `call'
rack (2.0.7) lib/rack/sendfile.rb:111:in `call'
railties (5.2.3) lib/rails/engine.rb:524:in `call'
puma (3.12.1) lib/puma/configuration.rb:227:in `call'
puma (3.12.1) lib/puma/server.rb:660:in `handle_request'
puma (3.12.1) lib/puma/server.rb:474:in `process_client'
puma (3.12.1) lib/puma/server.rb:334:in `block in run'
puma (3.12.1) lib/puma/thread_pool.rb:135:in `block in spawn_thread'
Started GET "/" for ::1 at 2019-05-01 13:55:44 -0300
  
ActionController::RoutingError (uninitialized constant HomeController):
  
bootsnap (1.4.4) lib/bootsnap/load_path_cache/core_ext/active_support.rb:79:in `block in load_missing_constant'
bootsnap (1.4.4) lib/bootsnap/load_path_cache/core_ext/active_support.rb:8:in `without_bootsnap_cache'
bootsnap (1.4.4) lib/bootsnap/load_path_cache/core_ext/active_support.rb:79:in `rescue in load_missing_constant'
bootsnap (1.4.4) lib/bootsnap/load_path_cache/core_ext/active_support.rb:58:in `load_missing_constant'
activesupport (5.2.3) lib/active_support/inflector/methods.rb:283:in `const_get'
activesupport (5.2.3) lib/active_support/inflector/methods.rb:283:in `block in constantize'
activesupport (5.2.3) lib/active_support/inflector/methods.rb:281:in `each'
activesupport (5.2.3) lib/active_support/inflector/methods.rb:281:in `inject'
activesupport (5.2.3) lib/active_support/inflector/methods.rb:281:in `constantize'
actionpack (5.2.3) lib/action_dispatch/http/request.rb:88:in `controller_class_for'
actionpack (5.2.3) lib/action_dispatch/http/request.rb:81:in `controller_class'
actionpack (5.2.3) lib/action_dispatch/routing/route_set.rb:46:in `controller'
actionpack (5.2.3) lib/action_dispatch/routing/route_set.rb:32:in `serve'
actionpack (5.2.3) lib/action_dispatch/journey/router.rb:52:in `block in serve'
actionpack (5.2.3) lib/action_dispatch/journey/router.rb:35:in `each'
actionpack (5.2.3) lib/action_dispatch/journey/router.rb:35:in `serve'
actionpack (5.2.3) lib/action_dispatch/routing/route_set.rb:840:in `call'
warden (1.2.8) lib/warden/manager.rb:36:in `block in call'
warden (1.2.8) lib/warden/manager.rb:34:in `catch'
warden (1.2.8) lib/warden/manager.rb:34:in `call'
rack (2.0.7) lib/rack/tempfile_reaper.rb:15:in `call'
rack (2.0.7) lib/rack/etag.rb:25:in `call'
rack (2.0.7) lib/rack/conditional_get.rb:25:in `call'
rack (2.0.7) lib/rack/head.rb:12:in `call'
actionpack (5.2.3) lib/action_dispatch/http/content_security_policy.rb:18:in `call'
rack (2.0.7) lib/rack/session/abstract/id.rb:232:in `context'
rack (2.0.7) lib/rack/session/abstract/id.rb:226:in `call'
actionpack (5.2.3) lib/action_dispatch/middleware/cookies.rb:670:in `call'
activerecord (5.2.3) lib/active_record/migration.rb:559:in `call'
actionpack (5.2.3) lib/action_dispatch/middleware/callbacks.rb:28:in `block in call'
activesupport (5.2.3) lib/active_support/callbacks.rb:98:in `run_callbacks'
actionpack (5.2.3) lib/action_dispatch/middleware/callbacks.rb:26:in `call'
actionpack (5.2.3) lib/action_dispatch/middleware/executor.rb:14:in `call'
actionpack (5.2.3) lib/action_dispatch/middleware/debug_exceptions.rb:61:in `call'
web-console (3.7.0) lib/web_console/middleware.rb:135:in `call_app'
web-console (3.7.0) lib/web_console/middleware.rb:30:in `block in call'
web-console (3.7.0) lib/web_console/middleware.rb:20:in `catch'
web-console (3.7.0) lib/web_console/middleware.rb:20:in `call'
actionpack (5.2.3) lib/action_dispatch/middleware/show_exceptions.rb:33:in `call'
railties (5.2.3) lib/rails/rack/logger.rb:38:in `call_app'
railties (5.2.3) lib/rails/rack/logger.rb:26:in `block in call'
activesupport (5.2.3) lib/active_support/tagged_logging.rb:71:in `block in tagged'
activesupport (5.2.3) lib/active_support/tagged_logging.rb:28:in `tagged'
activesupport (5.2.3) lib/active_support/tagged_logging.rb:71:in `tagged'
railties (5.2.3) lib/rails/rack/logger.rb:26:in `call'
sprockets-rails (3.2.1) lib/sprockets/rails/quiet_assets.rb:13:in `call'
actionpack (5.2.3) lib/action_dispatch/middleware/remote_ip.rb:81:in `call'
actionpack (5.2.3) lib/action_dispatch/middleware/request_id.rb:27:in `call'
rack (2.0.7) lib/rack/method_override.rb:22:in `call'
rack (2.0.7) lib/rack/runtime.rb:22:in `call'
activesupport (5.2.3) lib/active_support/cache/strategy/local_cache_middleware.rb:29:in `call'
actionpack (5.2.3) lib/action_dispatch/middleware/executor.rb:14:in `call'
actionpack (5.2.3) lib/action_dispatch/middleware/static.rb:127:in `call'
rack (2.0.7) lib/rack/sendfile.rb:111:in `call'
railties (5.2.3) lib/rails/engine.rb:524:in `call'
puma (3.12.1) lib/puma/configuration.rb:227:in `call'
puma (3.12.1) lib/puma/server.rb:660:in `handle_request'
puma (3.12.1) lib/puma/server.rb:474:in `process_client'
puma (3.12.1) lib/puma/server.rb:334:in `block in run'
puma (3.12.1) lib/puma/thread_pool.rb:135:in `block in spawn_thread'
Started GET "/sign_out" for ::1 at 2019-05-01 13:55:59 -0300
  
ActionController::RoutingError (No route matches [GET] "/sign_out"):
  
actionpack (5.2.3) lib/action_dispatch/middleware/debug_exceptions.rb:65:in `call'
web-console (3.7.0) lib/web_console/middleware.rb:135:in `call_app'
web-console (3.7.0) lib/web_console/middleware.rb:30:in `block in call'
web-console (3.7.0) lib/web_console/middleware.rb:20:in `catch'
web-console (3.7.0) lib/web_console/middleware.rb:20:in `call'
actionpack (5.2.3) lib/action_dispatch/middleware/show_exceptions.rb:33:in `call'
railties (5.2.3) lib/rails/rack/logger.rb:38:in `call_app'
railties (5.2.3) lib/rails/rack/logger.rb:26:in `block in call'
activesupport (5.2.3) lib/active_support/tagged_logging.rb:71:in `block in tagged'
activesupport (5.2.3) lib/active_support/tagged_logging.rb:28:in `tagged'
activesupport (5.2.3) lib/active_support/tagged_logging.rb:71:in `tagged'
railties (5.2.3) lib/rails/rack/logger.rb:26:in `call'
sprockets-rails (3.2.1) lib/sprockets/rails/quiet_assets.rb:13:in `call'
actionpack (5.2.3) lib/action_dispatch/middleware/remote_ip.rb:81:in `call'
actionpack (5.2.3) lib/action_dispatch/middleware/request_id.rb:27:in `call'
rack (2.0.7) lib/rack/method_override.rb:22:in `call'
rack (2.0.7) lib/rack/runtime.rb:22:in `call'
activesupport (5.2.3) lib/active_support/cache/strategy/local_cache_middleware.rb:29:in `call'
actionpack (5.2.3) lib/action_dispatch/middleware/executor.rb:14:in `call'
actionpack (5.2.3) lib/action_dispatch/middleware/static.rb:127:in `call'
rack (2.0.7) lib/rack/sendfile.rb:111:in `call'
railties (5.2.3) lib/rails/engine.rb:524:in `call'
puma (3.12.1) lib/puma/configuration.rb:227:in `call'
puma (3.12.1) lib/puma/server.rb:660:in `handle_request'
puma (3.12.1) lib/puma/server.rb:474:in `process_client'
puma (3.12.1) lib/puma/server.rb:334:in `block in run'
puma (3.12.1) lib/puma/thread_pool.rb:135:in `block in spawn_thread'
Started GET "/usuarios/sign_out" for ::1 at 2019-05-01 13:56:12 -0300
  
ActionController::RoutingError (No route matches [GET] "/usuarios/sign_out"):
  
actionpack (5.2.3) lib/action_dispatch/middleware/debug_exceptions.rb:65:in `call'
web-console (3.7.0) lib/web_console/middleware.rb:135:in `call_app'
web-console (3.7.0) lib/web_console/middleware.rb:30:in `block in call'
web-console (3.7.0) lib/web_console/middleware.rb:20:in `catch'
web-console (3.7.0) lib/web_console/middleware.rb:20:in `call'
actionpack (5.2.3) lib/action_dispatch/middleware/show_exceptions.rb:33:in `call'
railties (5.2.3) lib/rails/rack/logger.rb:38:in `call_app'
railties (5.2.3) lib/rails/rack/logger.rb:26:in `block in call'
activesupport (5.2.3) lib/active_support/tagged_logging.rb:71:in `block in tagged'
activesupport (5.2.3) lib/active_support/tagged_logging.rb:28:in `tagged'
activesupport (5.2.3) lib/active_support/tagged_logging.rb:71:in `tagged'
railties (5.2.3) lib/rails/rack/logger.rb:26:in `call'
sprockets-rails (3.2.1) lib/sprockets/rails/quiet_assets.rb:13:in `call'
actionpack (5.2.3) lib/action_dispatch/middleware/remote_ip.rb:81:in `call'
actionpack (5.2.3) lib/action_dispatch/middleware/request_id.rb:27:in `call'
rack (2.0.7) lib/rack/method_override.rb:22:in `call'
rack (2.0.7) lib/rack/runtime.rb:22:in `call'
activesupport (5.2.3) lib/active_support/cache/strategy/local_cache_middleware.rb:29:in `call'
actionpack (5.2.3) lib/action_dispatch/middleware/executor.rb:14:in `call'
actionpack (5.2.3) lib/action_dispatch/middleware/static.rb:127:in `call'
rack (2.0.7) lib/rack/sendfile.rb:111:in `call'
railties (5.2.3) lib/rails/engine.rb:524:in `call'
puma (3.12.1) lib/puma/configuration.rb:227:in `call'
puma (3.12.1) lib/puma/server.rb:660:in `handle_request'
puma (3.12.1) lib/puma/server.rb:474:in `process_client'
puma (3.12.1) lib/puma/server.rb:334:in `block in run'
puma (3.12.1) lib/puma/thread_pool.rb:135:in `block in spawn_thread'
Started GET "/users/sign_out" for ::1 at 2019-05-01 13:56:18 -0300
  
ActionController::RoutingError (No route matches [GET] "/users/sign_out"):
  
actionpack (5.2.3) lib/action_dispatch/middleware/debug_exceptions.rb:65:in `call'
web-console (3.7.0) lib/web_console/middleware.rb:135:in `call_app'
web-console (3.7.0) lib/web_console/middleware.rb:30:in `block in call'
web-console (3.7.0) lib/web_console/middleware.rb:20:in `catch'
web-console (3.7.0) lib/web_console/middleware.rb:20:in `call'
actionpack (5.2.3) lib/action_dispatch/middleware/show_exceptions.rb:33:in `call'
railties (5.2.3) lib/rails/rack/logger.rb:38:in `call_app'
railties (5.2.3) lib/rails/rack/logger.rb:26:in `block in call'
activesupport (5.2.3) lib/active_support/tagged_logging.rb:71:in `block in tagged'
activesupport (5.2.3) lib/active_support/tagged_logging.rb:28:in `tagged'
activesupport (5.2.3) lib/active_support/tagged_logging.rb:71:in `tagged'
railties (5.2.3) lib/rails/rack/logger.rb:26:in `call'
sprockets-rails (3.2.1) lib/sprockets/rails/quiet_assets.rb:13:in `call'
actionpack (5.2.3) lib/action_dispatch/middleware/remote_ip.rb:81:in `call'
actionpack (5.2.3) lib/action_dispatch/middleware/request_id.rb:27:in `call'
rack (2.0.7) lib/rack/method_override.rb:22:in `call'
rack (2.0.7) lib/rack/runtime.rb:22:in `call'
activesupport (5.2.3) lib/active_support/cache/strategy/local_cache_middleware.rb:29:in `call'
actionpack (5.2.3) lib/action_dispatch/middleware/executor.rb:14:in `call'
actionpack (5.2.3) lib/action_dispatch/middleware/static.rb:127:in `call'
rack (2.0.7) lib/rack/sendfile.rb:111:in `call'
railties (5.2.3) lib/rails/engine.rb:524:in `call'
puma (3.12.1) lib/puma/configuration.rb:227:in `call'
puma (3.12.1) lib/puma/server.rb:660:in `handle_request'
puma (3.12.1) lib/puma/server.rb:474:in `process_client'
puma (3.12.1) lib/puma/server.rb:334:in `block in run'
puma (3.12.1) lib/puma/thread_pool.rb:135:in `block in spawn_thread'
Started GET "/users/sign_up" for ::1 at 2019-05-01 13:56:40 -0300
Processing by Devise::RegistrationsController#new as HTML
  Rendering devise/registrations/new.html.erb within layouts/application
  Rendered devise/shared/_error_messages.html.erb (0.8ms)
  Rendered devise/shared/_links.html.erb (3.9ms)
  Rendered devise/registrations/new.html.erb within layouts/application (13.4ms)
Completed 200 OK in 38ms (Views: 36.6ms | ActiveRecord: 0.0ms)


Started GET "/users/sign_up" for ::1 at 2019-05-01 14:01:33 -0300
  
ActionController::RoutingError (undefined method `before_filter' for ApplicationController:Class
Did you mean?  before_action):
  
app/controllers/application_controller.rb:3:in `<class:ApplicationController>'
app/controllers/application_controller.rb:1:in `<top (required)>'
Started GET "/users/sign_up" for ::1 at 2019-05-01 14:02:40 -0300
Processing by Devise::RegistrationsController#new as HTML
Completed 500 Internal Server Error in 2ms (ActiveRecord: 0.0ms)


  
NoMethodError (undefined method `for' for #<Devise::ParameterSanitizer:0x00007fc41452fdc0>):
  
app/controllers/application_controller.rb:8:in `configure_permitted_parameters'
Started GET "/users/sign_up" for ::1 at 2019-05-01 14:02:41 -0300
Processing by Devise::RegistrationsController#new as HTML
Completed 500 Internal Server Error in 3ms (ActiveRecord: 0.0ms)


  
NoMethodError (undefined method `for' for #<Devise::ParameterSanitizer:0x00007fc4109d6508>):
  
app/controllers/application_controller.rb:8:in `configure_permitted_parameters'
Started GET "/users/sign_up" for ::1 at 2019-05-01 14:04:09 -0300
Processing by Devise::RegistrationsController#new as HTML
  Rendering devise/registrations/new.html.erb within layouts/application
  Rendered devise/shared/_error_messages.html.erb (0.7ms)
  Rendered devise/shared/_links.html.erb (1.0ms)
  Rendered devise/registrations/new.html.erb within layouts/application (12.0ms)
Completed 200 OK in 57ms (Views: 36.5ms | ActiveRecord: 5.9ms)


Started POST "/users" for ::1 at 2019-05-01 14:04:27 -0300
Processing by Devise::RegistrationsController#create as HTML
  Parameters: {"utf8"=>"✓", "authenticity_token"=>"+4yRgcxg0NZziKyg0OvPFo1gcaiTwX26V73MySP7wnvXlWS+uhIrvXl0WkuL6U1VwyALuwfLeCycCQcI304KtQ==", "user"=>{"email"=>"dadsa@adsdsa.com", "nome"=>"fefefe", "dataNascimento(1i)"=>"2019", "dataNascimento(2i)"=>"5", "dataNascimento(3i)"=>"1", "password"=>"[FILTERED]", "password_confirmation"=>"[FILTERED]"}, "commit"=>"Sign up"}
Unpermitted parameter: :password_confirmation
  [1m[35m (0.3ms)[0m  [1m[35mBEGIN[0m
  ↳ /home/lukastsunami/.rbenv/versions/2.5.1/lib/ruby/gems/2.5.0/gems/activerecord-5.2.3/lib/active_record/log_subscriber.rb:98
  [1m[36mUser Exists (1.5ms)[0m  [1m[34mSELECT  1 AS one FROM "users" WHERE "users"."email" = $1 LIMIT $2[0m  [["email", "dadsa@adsdsa.com"], ["LIMIT", 1]]
  ↳ /home/lukastsunami/.rbenv/versions/2.5.1/lib/ruby/gems/2.5.0/gems/activerecord-5.2.3/lib/active_record/log_subscriber.rb:98
  [1m[36mUser Create (0.7ms)[0m  [1m[32mINSERT INTO "users" ("email", "encrypted_password", "nome", "dataNascimento", "created_at", "updated_at") VALUES ($1, $2, $3, $4, $5, $6) RETURNING "id"[0m  [["email", "dadsa@adsdsa.com"], ["encrypted_password", "$2a$11$Y1O4JddniPUkZAb8PvxbXuWrDpQxYlJJFYF1XT1z.Mm0.vWlRo6DW"], ["nome", "fefefe"], ["dataNascimento", "2019-05-01 00:00:00"], ["created_at", "2019-05-01 17:04:27.557099"], ["updated_at", "2019-05-01 17:04:27.557099"]]
  ↳ /home/lukastsunami/.rbenv/versions/2.5.1/lib/ruby/gems/2.5.0/gems/activerecord-5.2.3/lib/active_record/log_subscriber.rb:98
  [1m[35m (3.0ms)[0m  [1m[35mCOMMIT[0m
  ↳ /home/lukastsunami/.rbenv/versions/2.5.1/lib/ruby/gems/2.5.0/gems/activerecord-5.2.3/lib/active_record/log_subscriber.rb:98
Redirected to http://localhost:3000/
Completed 302 Found in 189ms (ActiveRecord: 5.4ms)


Started GET "/" for ::1 at 2019-05-01 14:04:27 -0300
  
ActionController::RoutingError (uninitialized constant HomeController):
  
bootsnap (1.4.4) lib/bootsnap/load_path_cache/core_ext/active_support.rb:79:in `block in load_missing_constant'
bootsnap (1.4.4) lib/bootsnap/load_path_cache/core_ext/active_support.rb:8:in `without_bootsnap_cache'
bootsnap (1.4.4) lib/bootsnap/load_path_cache/core_ext/active_support.rb:79:in `rescue in load_missing_constant'
bootsnap (1.4.4) lib/bootsnap/load_path_cache/core_ext/active_support.rb:58:in `load_missing_constant'
activesupport (5.2.3) lib/active_support/inflector/methods.rb:283:in `const_get'
activesupport (5.2.3) lib/active_support/inflector/methods.rb:283:in `block in constantize'
activesupport (5.2.3) lib/active_support/inflector/methods.rb:281:in `each'
activesupport (5.2.3) lib/active_support/inflector/methods.rb:281:in `inject'
activesupport (5.2.3) lib/active_support/inflector/methods.rb:281:in `constantize'
actionpack (5.2.3) lib/action_dispatch/http/request.rb:88:in `controller_class_for'
actionpack (5.2.3) lib/action_dispatch/http/request.rb:81:in `controller_class'
actionpack (5.2.3) lib/action_dispatch/routing/route_set.rb:46:in `controller'
actionpack (5.2.3) lib/action_dispatch/routing/route_set.rb:32:in `serve'
actionpack (5.2.3) lib/action_dispatch/journey/router.rb:52:in `block in serve'
actionpack (5.2.3) lib/action_dispatch/journey/router.rb:35:in `each'
actionpack (5.2.3) lib/action_dispatch/journey/router.rb:35:in `serve'
actionpack (5.2.3) lib/action_dispatch/routing/route_set.rb:840:in `call'
warden (1.2.8) lib/warden/manager.rb:36:in `block in call'
warden (1.2.8) lib/warden/manager.rb:34:in `catch'
warden (1.2.8) lib/warden/manager.rb:34:in `call'
rack (2.0.7) lib/rack/tempfile_reaper.rb:15:in `call'
rack (2.0.7) lib/rack/etag.rb:25:in `call'
rack (2.0.7) lib/rack/conditional_get.rb:25:in `call'
rack (2.0.7) lib/rack/head.rb:12:in `call'
actionpack (5.2.3) lib/action_dispatch/http/content_security_policy.rb:18:in `call'
rack (2.0.7) lib/rack/session/abstract/id.rb:232:in `context'
rack (2.0.7) lib/rack/session/abstract/id.rb:226:in `call'
actionpack (5.2.3) lib/action_dispatch/middleware/cookies.rb:670:in `call'
activerecord (5.2.3) lib/active_record/migration.rb:559:in `call'
actionpack (5.2.3) lib/action_dispatch/middleware/callbacks.rb:28:in `block in call'
activesupport (5.2.3) lib/active_support/callbacks.rb:98:in `run_callbacks'
actionpack (5.2.3) lib/action_dispatch/middleware/callbacks.rb:26:in `call'
actionpack (5.2.3) lib/action_dispatch/middleware/executor.rb:14:in `call'
actionpack (5.2.3) lib/action_dispatch/middleware/debug_exceptions.rb:61:in `call'
web-console (3.7.0) lib/web_console/middleware.rb:135:in `call_app'
web-console (3.7.0) lib/web_console/middleware.rb:30:in `block in call'
web-console (3.7.0) lib/web_console/middleware.rb:20:in `catch'
web-console (3.7.0) lib/web_console/middleware.rb:20:in `call'
actionpack (5.2.3) lib/action_dispatch/middleware/show_exceptions.rb:33:in `call'
railties (5.2.3) lib/rails/rack/logger.rb:38:in `call_app'
railties (5.2.3) lib/rails/rack/logger.rb:26:in `block in call'
activesupport (5.2.3) lib/active_support/tagged_logging.rb:71:in `block in tagged'
activesupport (5.2.3) lib/active_support/tagged_logging.rb:28:in `tagged'
activesupport (5.2.3) lib/active_support/tagged_logging.rb:71:in `tagged'
railties (5.2.3) lib/rails/rack/logger.rb:26:in `call'
sprockets-rails (3.2.1) lib/sprockets/rails/quiet_assets.rb:13:in `call'
actionpack (5.2.3) lib/action_dispatch/middleware/remote_ip.rb:81:in `call'
actionpack (5.2.3) lib/action_dispatch/middleware/request_id.rb:27:in `call'
rack (2.0.7) lib/rack/method_override.rb:22:in `call'
rack (2.0.7) lib/rack/runtime.rb:22:in `call'
activesupport (5.2.3) lib/active_support/cache/strategy/local_cache_middleware.rb:29:in `call'
actionpack (5.2.3) lib/action_dispatch/middleware/executor.rb:14:in `call'
actionpack (5.2.3) lib/action_dispatch/middleware/static.rb:127:in `call'
rack (2.0.7) lib/rack/sendfile.rb:111:in `call'
railties (5.2.3) lib/rails/engine.rb:524:in `call'
puma (3.12.1) lib/puma/configuration.rb:227:in `call'
puma (3.12.1) lib/puma/server.rb:660:in `handle_request'
puma (3.12.1) lib/puma/server.rb:474:in `process_client'
puma (3.12.1) lib/puma/server.rb:334:in `block in run'
puma (3.12.1) lib/puma/thread_pool.rb:135:in `block in spawn_thread'
